09:33:00,592 gausspyplus.utils.output INFO 
calculating average rms from data...
09:33:00,599 gausspyplus.utils.output INFO >> calculated rms value of 0.065 from data
09:33:00,599 gausspyplus.utils.output INFO 
===================
GaussPy preparation
===================
09:33:00,599 gausspyplus.utils.output INFO 
preparing GaussPy cube...
09:33:00,911 gausspyplus.utils.output INFO 
pickle dump dictionary...
09:33:00,924 gausspyplus.utils.output INFO 
[92mSAVED FILE:[0m 'spectra_v2-1000_noise_map.fits' in '/home/brandm/Documents/Astro_research/gausspyplus/atca/decomposition_spect_1000/gpy_maps'
09:33:01,91 matplotlib.font_manager DEBUG findfont: Matching sans\-serif:style=normal:variant=normal:weight=normal:stretch=normal:size=11.0.
09:33:01,91 matplotlib.font_manager DEBUG findfont: score(<Font 'STIXGeneral' (STIXGeneralItalic.ttf) italic normal 400 normal>) = 11.05
09:33:01,91 matplotlib.font_manager DEBUG findfont: score(<Font 'DejaVu Sans' (DejaVuSans.ttf) normal normal 400 normal>) = 0.05
09:33:01,91 matplotlib.font_manager DEBUG findfont: score(<Font 'STIXNonUnicode' (STIXNonUniBolIta.ttf) italic normal 700 normal>) = 11.335
09:33:01,91 matplotlib.font_manager DEBUG findfont: score(<Font 'DejaVu Sans Mono' (DejaVuSansMono-BoldOblique.ttf) oblique normal 700 normal>) = 11.335
09:33:01,91 matplotlib.font_manager DEBUG findfont: score(<Font 'STIXGeneral' (STIXGeneralBol.ttf) normal normal 700 normal>) = 10.335
09:33:01,91 matplotlib.font_manager DEBUG findfont: score(<Font 'DejaVu Serif' (DejaVuSerif-Italic.ttf) italic normal 400 normal>) = 11.05
09:33:01,91 matplotlib.font_manager DEBUG findfont: score(<Font 'DejaVu Serif' (DejaVuSerif-BoldItalic.ttf) italic normal 700 normal>) = 11.335
09:33:01,91 matplotlib.font_manager DEBUG findfont: score(<Font 'cmr10' (cmr10.ttf) normal normal 400 normal>) = 10.05
09:33:01,91 matplotlib.font_manager DEBUG findfont: score(<Font 'cmtt10' (cmtt10.ttf) normal normal 400 normal>) = 10.05
09:33:01,91 matplotlib.font_manager DEBUG findfont: score(<Font 'cmmi10' (cmmi10.ttf) normal normal 400 normal>) = 10.05
09:33:01,92 matplotlib.font_manager DEBUG findfont: score(<Font 'DejaVu Sans Mono' (DejaVuSansMono-Bold.ttf) normal normal 700 normal>) = 10.335
09:33:01,92 matplotlib.font_manager DEBUG findfont: score(<Font 'STIXNonUnicode' (STIXNonUniIta.ttf) italic normal 400 normal>) = 11.05
09:33:01,92 matplotlib.font_manager DEBUG findfont: score(<Font 'cmex10' (cmex10.ttf) normal normal 400 normal>) = 10.05
09:33:01,92 matplotlib.font_manager DEBUG findfont: score(<Font 'DejaVu Sans Mono' (DejaVuSansMono-Oblique.ttf) oblique normal 400 normal>) = 11.05
09:33:01,92 matplotlib.font_manager DEBUG findfont: score(<Font 'STIXSizeTwoSym' (STIXSizTwoSymReg.ttf) normal normal 400 normal>) = 10.05
09:33:01,92 matplotlib.font_manager DEBUG findfont: score(<Font 'STIXNonUnicode' (STIXNonUni.ttf) normal normal 400 normal>) = 10.05
09:33:01,92 matplotlib.font_manager DEBUG findfont: score(<Font 'DejaVu Sans Mono' (DejaVuSansMono.ttf) normal normal 400 normal>) = 10.05
09:33:01,92 matplotlib.font_manager DEBUG findfont: score(<Font 'cmb10' (cmb10.ttf) normal normal 400 normal>) = 10.05
09:33:01,92 matplotlib.font_manager DEBUG findfont: score(<Font 'STIXGeneral' (STIXGeneralBolIta.ttf) italic normal 700 normal>) = 11.335
09:33:01,92 matplotlib.font_manager DEBUG findfont: score(<Font 'STIXSizeThreeSym' (STIXSizThreeSymBol.ttf) normal normal 700 normal>) = 10.335
09:33:01,92 matplotlib.font_manager DEBUG findfont: score(<Font 'STIXSizeThreeSym' (STIXSizThreeSymReg.ttf) normal normal 400 normal>) = 10.05
09:33:01,92 matplotlib.font_manager DEBUG findfont: score(<Font 'DejaVu Serif Display' (DejaVuSerifDisplay.ttf) normal normal 400 normal>) = 10.05
09:33:01,92 matplotlib.font_manager DEBUG findfont: score(<Font 'STIXNonUnicode' (STIXNonUniBol.ttf) normal normal 700 normal>) = 10.335
09:33:01,92 matplotlib.font_manager DEBUG findfont: score(<Font 'STIXSizeFourSym' (STIXSizFourSymBol.ttf) normal normal 700 normal>) = 10.335
09:33:01,92 matplotlib.font_manager DEBUG findfont: score(<Font 'DejaVu Sans Display' (DejaVuSansDisplay.ttf) normal normal 400 normal>) = 10.05
09:33:01,92 matplotlib.font_manager DEBUG findfont: score(<Font 'STIXSizeOneSym' (STIXSizOneSymReg.ttf) normal normal 400 normal>) = 10.05
09:33:01,92 matplotlib.font_manager DEBUG findfont: score(<Font 'STIXSizeFiveSym' (STIXSizFiveSymReg.ttf) normal normal 400 normal>) = 10.05
09:33:01,92 matplotlib.font_manager DEBUG findfont: score(<Font 'DejaVu Serif' (DejaVuSerif-Bold.ttf) normal normal 700 normal>) = 10.335
09:33:01,92 matplotlib.font_manager DEBUG findfont: score(<Font 'STIXSizeTwoSym' (STIXSizTwoSymBol.ttf) normal normal 700 normal>) = 10.335
09:33:01,92 matplotlib.font_manager DEBUG findfont: score(<Font 'STIXSizeOneSym' (STIXSizOneSymBol.ttf) normal normal 700 normal>) = 10.335
09:33:01,92 matplotlib.font_manager DEBUG findfont: score(<Font 'DejaVu Sans' (DejaVuSans-BoldOblique.ttf) oblique normal 700 normal>) = 1.335
09:33:01,92 matplotlib.font_manager DEBUG findfont: score(<Font 'STIXSizeFourSym' (STIXSizFourSymReg.ttf) normal normal 400 normal>) = 10.05
09:33:01,92 matplotlib.font_manager DEBUG findfont: score(<Font 'cmsy10' (cmsy10.ttf) normal normal 400 normal>) = 10.05
09:33:01,92 matplotlib.font_manager DEBUG findfont: score(<Font 'DejaVu Sans' (DejaVuSans-Oblique.ttf) oblique normal 400 normal>) = 1.05
09:33:01,92 matplotlib.font_manager DEBUG findfont: score(<Font 'DejaVu Serif' (DejaVuSerif.ttf) normal normal 400 normal>) = 10.05
09:33:01,93 matplotlib.font_manager DEBUG findfont: score(<Font 'STIXGeneral' (STIXGeneral.ttf) normal normal 400 normal>) = 10.05
09:33:01,93 matplotlib.font_manager DEBUG findfont: score(<Font 'DejaVu Sans' (DejaVuSans-Bold.ttf) normal normal 700 normal>) = 0.33499999999999996
09:33:01,93 matplotlib.font_manager DEBUG findfont: score(<Font 'cmss10' (cmss10.ttf) normal normal 400 normal>) = 10.05
09:33:01,93 matplotlib.font_manager DEBUG findfont: score(<Font 'Ubuntu Mono' (UbuntuMono-BI.ttf) italic normal 700 normal>) = 11.335
09:33:01,93 matplotlib.font_manager DEBUG findfont: score(<Font 'DejaVu Sans Mono' (DejaVuSansMono-Bold.ttf) normal normal 700 normal>) = 10.335
09:33:01,93 matplotlib.font_manager DEBUG findfont: score(<Font 'cmsy10' (cmsy10.ttf) normal normal 400 normal>) = 10.05
09:33:01,93 matplotlib.font_manager DEBUG findfont: score(<Font 'wasy10' (wasy10.ttf) normal normal 400 normal>) = 10.05
09:33:01,93 matplotlib.font_manager DEBUG findfont: score(<Font 'Ubuntu' (Ubuntu-M.ttf) normal normal 500 normal>) = 10.145
09:33:01,93 matplotlib.font_manager DEBUG findfont: score(<Font 'msbm10' (msbm10.ttf) normal normal 400 normal>) = 10.05
09:33:01,93 matplotlib.font_manager DEBUG findfont: score(<Font 'Ubuntu' (Ubuntu-MI.ttf) italic normal 500 normal>) = 11.145
09:33:01,93 matplotlib.font_manager DEBUG findfont: score(<Font 'Ubuntu Mono' (UbuntuMono-R.ttf) normal normal 400 normal>) = 10.05
09:33:01,93 matplotlib.font_manager DEBUG findfont: score(<Font 'Ubuntu Condensed' (Ubuntu-C.ttf) normal normal 400 condensed>) = 10.25
09:33:01,93 matplotlib.font_manager DEBUG findfont: score(<Font 'DejaVu Sans' (DejaVuSans-Bold.ttf) normal normal 700 normal>) = 0.33499999999999996
09:33:01,93 matplotlib.font_manager DEBUG findfont: score(<Font 'DejaVu Serif' (DejaVuSerif.ttf) normal normal 400 normal>) = 10.05
09:33:01,93 matplotlib.font_manager DEBUG findfont: score(<Font 'cmmi10' (cmmi10.ttf) normal normal 400 normal>) = 10.05
09:33:01,93 matplotlib.font_manager DEBUG findfont: score(<Font 'dsrom10' (dsrom10.ttf) normal normal 400 normal>) = 10.05
09:33:01,93 matplotlib.font_manager DEBUG findfont: score(<Font 'cmex10' (cmex10.ttf) normal normal 400 normal>) = 10.05
09:33:01,93 matplotlib.font_manager DEBUG findfont: score(<Font 'Ubuntu Mono' (UbuntuMono-B.ttf) normal normal 700 normal>) = 10.335
09:33:01,93 matplotlib.font_manager DEBUG findfont: score(<Font 'msam10' (msam10.ttf) normal normal 400 normal>) = 10.05
09:33:01,93 matplotlib.font_manager DEBUG findfont: score(<Font 'Ubuntu' (Ubuntu-L.ttf) normal normal 300 normal>) = 10.145
09:33:01,93 matplotlib.font_manager DEBUG findfont: score(<Font 'DejaVu Sans' (DejaVuSans.ttf) normal normal 400 normal>) = 0.05
09:33:01,93 matplotlib.font_manager DEBUG findfont: score(<Font 'Ubuntu' (Ubuntu-LI.ttf) italic normal 300 normal>) = 11.145
09:33:01,93 matplotlib.font_manager DEBUG findfont: score(<Font 'FontAwesome' (FontAwesome.otf) normal normal 400 normal>) = 10.05
09:33:01,93 matplotlib.font_manager DEBUG findfont: score(<Font 'cmr10' (cmr10.ttf) normal normal 400 normal>) = 10.05
09:33:01,93 matplotlib.font_manager DEBUG findfont: score(<Font 'DejaVu Serif' (DejaVuSerif-Bold.ttf) normal normal 700 normal>) = 10.335
09:33:01,94 matplotlib.font_manager DEBUG findfont: score(<Font 'esint10' (esint10.ttf) normal normal 400 normal>) = 10.05
09:33:01,94 matplotlib.font_manager DEBUG findfont: score(<Font 'eufm10' (eufm10.ttf) normal normal 400 normal>) = 10.05
09:33:01,94 matplotlib.font_manager DEBUG findfont: score(<Font 'Ubuntu Mono' (UbuntuMono-RI.ttf) italic normal 400 normal>) = 11.05
09:33:01,94 matplotlib.font_manager DEBUG findfont: score(<Font 'Ubuntu' (Ubuntu-BI.ttf) italic normal 700 normal>) = 11.335
09:33:01,94 matplotlib.font_manager DEBUG findfont: score(<Font 'Ubuntu' (Ubuntu-Th.ttf) normal normal 250 normal>) = 10.1925
09:33:01,94 matplotlib.font_manager DEBUG findfont: score(<Font 'Ubuntu' (Ubuntu-RI.ttf) italic normal 400 normal>) = 11.05
09:33:01,94 matplotlib.font_manager DEBUG findfont: score(<Font 'DejaVu Sans Mono' (DejaVuSansMono.ttf) normal normal 400 normal>) = 10.05
09:33:01,94 matplotlib.font_manager DEBUG findfont: score(<Font 'rsfs10' (rsfs10.ttf) italic normal 400 normal>) = 11.05
09:33:01,94 matplotlib.font_manager DEBUG findfont: score(<Font 'stmary10' (stmary10.ttf) normal normal 400 normal>) = 10.05
09:33:01,94 matplotlib.font_manager DEBUG findfont: score(<Font 'Ubuntu' (Ubuntu-R.ttf) normal normal 400 normal>) = 10.05
09:33:01,94 matplotlib.font_manager DEBUG findfont: score(<Font 'Ubuntu' (Ubuntu-B.ttf) normal normal 700 normal>) = 10.335
09:33:01,94 matplotlib.font_manager DEBUG findfont: score(<Font 'FontAwesome' (fontawesome-webfont.ttf) normal normal 400 normal>) = 10.05
09:33:01,94 matplotlib.font_manager DEBUG findfont: score(<Font 'GLYPHICONS Halflings' (glyphicons-halflings-regular.ttf) normal normal 400 normal>) = 10.05
09:33:01,94 matplotlib.font_manager DEBUG findfont: Matching sans\-serif:style=normal:variant=normal:weight=normal:stretch=normal:size=11.0 to DejaVu Sans ('/home/brandm/anaconda3/envs/py38/lib/python3.8/site-packages/matplotlib/mpl-data/fonts/ttf/DejaVuSans.ttf') with score of 0.050000.
09:33:01,100 matplotlib.font_manager DEBUG findfont: Matching sans\-serif:style=normal:variant=normal:weight=normal:stretch=normal:size=13.0.
09:33:01,100 matplotlib.font_manager DEBUG findfont: score(<Font 'STIXGeneral' (STIXGeneralItalic.ttf) italic normal 400 normal>) = 11.05
09:33:01,100 matplotlib.font_manager DEBUG findfont: score(<Font 'DejaVu Sans' (DejaVuSans.ttf) normal normal 400 normal>) = 0.05
09:33:01,100 matplotlib.font_manager DEBUG findfont: score(<Font 'STIXNonUnicode' (STIXNonUniBolIta.ttf) italic normal 700 normal>) = 11.335
09:33:01,100 matplotlib.font_manager DEBUG findfont: score(<Font 'DejaVu Sans Mono' (DejaVuSansMono-BoldOblique.ttf) oblique normal 700 normal>) = 11.335
09:33:01,100 matplotlib.font_manager DEBUG findfont: score(<Font 'STIXGeneral' (STIXGeneralBol.ttf) normal normal 700 normal>) = 10.335
09:33:01,100 matplotlib.font_manager DEBUG findfont: score(<Font 'DejaVu Serif' (DejaVuSerif-Italic.ttf) italic normal 400 normal>) = 11.05
09:33:01,100 matplotlib.font_manager DEBUG findfont: score(<Font 'DejaVu Serif' (DejaVuSerif-BoldItalic.ttf) italic normal 700 normal>) = 11.335
09:33:01,100 matplotlib.font_manager DEBUG findfont: score(<Font 'cmr10' (cmr10.ttf) normal normal 400 normal>) = 10.05
09:33:01,100 matplotlib.font_manager DEBUG findfont: score(<Font 'cmtt10' (cmtt10.ttf) normal normal 400 normal>) = 10.05
09:33:01,100 matplotlib.font_manager DEBUG findfont: score(<Font 'cmmi10' (cmmi10.ttf) normal normal 400 normal>) = 10.05
09:33:01,100 matplotlib.font_manager DEBUG findfont: score(<Font 'DejaVu Sans Mono' (DejaVuSansMono-Bold.ttf) normal normal 700 normal>) = 10.335
09:33:01,100 matplotlib.font_manager DEBUG findfont: score(<Font 'STIXNonUnicode' (STIXNonUniIta.ttf) italic normal 400 normal>) = 11.05
09:33:01,101 matplotlib.font_manager DEBUG findfont: score(<Font 'cmex10' (cmex10.ttf) normal normal 400 normal>) = 10.05
09:33:01,101 matplotlib.font_manager DEBUG findfont: score(<Font 'DejaVu Sans Mono' (DejaVuSansMono-Oblique.ttf) oblique normal 400 normal>) = 11.05
09:33:01,101 matplotlib.font_manager DEBUG findfont: score(<Font 'STIXSizeTwoSym' (STIXSizTwoSymReg.ttf) normal normal 400 normal>) = 10.05
09:33:01,101 matplotlib.font_manager DEBUG findfont: score(<Font 'STIXNonUnicode' (STIXNonUni.ttf) normal normal 400 normal>) = 10.05
09:33:01,101 matplotlib.font_manager DEBUG findfont: score(<Font 'DejaVu Sans Mono' (DejaVuSansMono.ttf) normal normal 400 normal>) = 10.05
09:33:01,101 matplotlib.font_manager DEBUG findfont: score(<Font 'cmb10' (cmb10.ttf) normal normal 400 normal>) = 10.05
09:33:01,101 matplotlib.font_manager DEBUG findfont: score(<Font 'STIXGeneral' (STIXGeneralBolIta.ttf) italic normal 700 normal>) = 11.335
09:33:01,101 matplotlib.font_manager DEBUG findfont: score(<Font 'STIXSizeThreeSym' (STIXSizThreeSymBol.ttf) normal normal 700 normal>) = 10.335
09:33:01,101 matplotlib.font_manager DEBUG findfont: score(<Font 'STIXSizeThreeSym' (STIXSizThreeSymReg.ttf) normal normal 400 normal>) = 10.05
09:33:01,101 matplotlib.font_manager DEBUG findfont: score(<Font 'DejaVu Serif Display' (DejaVuSerifDisplay.ttf) normal normal 400 normal>) = 10.05
09:33:01,101 matplotlib.font_manager DEBUG findfont: score(<Font 'STIXNonUnicode' (STIXNonUniBol.ttf) normal normal 700 normal>) = 10.335
09:33:01,101 matplotlib.font_manager DEBUG findfont: score(<Font 'STIXSizeFourSym' (STIXSizFourSymBol.ttf) normal normal 700 normal>) = 10.335
09:33:01,101 matplotlib.font_manager DEBUG findfont: score(<Font 'DejaVu Sans Display' (DejaVuSansDisplay.ttf) normal normal 400 normal>) = 10.05
09:33:01,101 matplotlib.font_manager DEBUG findfont: score(<Font 'STIXSizeOneSym' (STIXSizOneSymReg.ttf) normal normal 400 normal>) = 10.05
09:33:01,101 matplotlib.font_manager DEBUG findfont: score(<Font 'STIXSizeFiveSym' (STIXSizFiveSymReg.ttf) normal normal 400 normal>) = 10.05
09:33:01,101 matplotlib.font_manager DEBUG findfont: score(<Font 'DejaVu Serif' (DejaVuSerif-Bold.ttf) normal normal 700 normal>) = 10.335
09:33:01,101 matplotlib.font_manager DEBUG findfont: score(<Font 'STIXSizeTwoSym' (STIXSizTwoSymBol.ttf) normal normal 700 normal>) = 10.335
09:33:01,101 matplotlib.font_manager DEBUG findfont: score(<Font 'STIXSizeOneSym' (STIXSizOneSymBol.ttf) normal normal 700 normal>) = 10.335
09:33:01,101 matplotlib.font_manager DEBUG findfont: score(<Font 'DejaVu Sans' (DejaVuSans-BoldOblique.ttf) oblique normal 700 normal>) = 1.335
09:33:01,101 matplotlib.font_manager DEBUG findfont: score(<Font 'STIXSizeFourSym' (STIXSizFourSymReg.ttf) normal normal 400 normal>) = 10.05
09:33:01,101 matplotlib.font_manager DEBUG findfont: score(<Font 'cmsy10' (cmsy10.ttf) normal normal 400 normal>) = 10.05
09:33:01,101 matplotlib.font_manager DEBUG findfont: score(<Font 'DejaVu Sans' (DejaVuSans-Oblique.ttf) oblique normal 400 normal>) = 1.05
09:33:01,101 matplotlib.font_manager DEBUG findfont: score(<Font 'DejaVu Serif' (DejaVuSerif.ttf) normal normal 400 normal>) = 10.05
09:33:01,101 matplotlib.font_manager DEBUG findfont: score(<Font 'STIXGeneral' (STIXGeneral.ttf) normal normal 400 normal>) = 10.05
09:33:01,102 matplotlib.font_manager DEBUG findfont: score(<Font 'DejaVu Sans' (DejaVuSans-Bold.ttf) normal normal 700 normal>) = 0.33499999999999996
09:33:01,102 matplotlib.font_manager DEBUG findfont: score(<Font 'cmss10' (cmss10.ttf) normal normal 400 normal>) = 10.05
09:33:01,102 matplotlib.font_manager DEBUG findfont: score(<Font 'Ubuntu Mono' (UbuntuMono-BI.ttf) italic normal 700 normal>) = 11.335
09:33:01,102 matplotlib.font_manager DEBUG findfont: score(<Font 'DejaVu Sans Mono' (DejaVuSansMono-Bold.ttf) normal normal 700 normal>) = 10.335
09:33:01,102 matplotlib.font_manager DEBUG findfont: score(<Font 'cmsy10' (cmsy10.ttf) normal normal 400 normal>) = 10.05
09:33:01,102 matplotlib.font_manager DEBUG findfont: score(<Font 'wasy10' (wasy10.ttf) normal normal 400 normal>) = 10.05
09:33:01,102 matplotlib.font_manager DEBUG findfont: score(<Font 'Ubuntu' (Ubuntu-M.ttf) normal normal 500 normal>) = 10.145
09:33:01,102 matplotlib.font_manager DEBUG findfont: score(<Font 'msbm10' (msbm10.ttf) normal normal 400 normal>) = 10.05
09:33:01,102 matplotlib.font_manager DEBUG findfont: score(<Font 'Ubuntu' (Ubuntu-MI.ttf) italic normal 500 normal>) = 11.145
09:33:01,102 matplotlib.font_manager DEBUG findfont: score(<Font 'Ubuntu Mono' (UbuntuMono-R.ttf) normal normal 400 normal>) = 10.05
09:33:01,102 matplotlib.font_manager DEBUG findfont: score(<Font 'Ubuntu Condensed' (Ubuntu-C.ttf) normal normal 400 condensed>) = 10.25
09:33:01,102 matplotlib.font_manager DEBUG findfont: score(<Font 'DejaVu Sans' (DejaVuSans-Bold.ttf) normal normal 700 normal>) = 0.33499999999999996
09:33:01,102 matplotlib.font_manager DEBUG findfont: score(<Font 'DejaVu Serif' (DejaVuSerif.ttf) normal normal 400 normal>) = 10.05
09:33:01,102 matplotlib.font_manager DEBUG findfont: score(<Font 'cmmi10' (cmmi10.ttf) normal normal 400 normal>) = 10.05
09:33:01,102 matplotlib.font_manager DEBUG findfont: score(<Font 'dsrom10' (dsrom10.ttf) normal normal 400 normal>) = 10.05
09:33:01,102 matplotlib.font_manager DEBUG findfont: score(<Font 'cmex10' (cmex10.ttf) normal normal 400 normal>) = 10.05
09:33:01,102 matplotlib.font_manager DEBUG findfont: score(<Font 'Ubuntu Mono' (UbuntuMono-B.ttf) normal normal 700 normal>) = 10.335
09:33:01,102 matplotlib.font_manager DEBUG findfont: score(<Font 'msam10' (msam10.ttf) normal normal 400 normal>) = 10.05
09:33:01,102 matplotlib.font_manager DEBUG findfont: score(<Font 'Ubuntu' (Ubuntu-L.ttf) normal normal 300 normal>) = 10.145
09:33:01,102 matplotlib.font_manager DEBUG findfont: score(<Font 'DejaVu Sans' (DejaVuSans.ttf) normal normal 400 normal>) = 0.05
09:33:01,102 matplotlib.font_manager DEBUG findfont: score(<Font 'Ubuntu' (Ubuntu-LI.ttf) italic normal 300 normal>) = 11.145
09:33:01,102 matplotlib.font_manager DEBUG findfont: score(<Font 'FontAwesome' (FontAwesome.otf) normal normal 400 normal>) = 10.05
09:33:01,102 matplotlib.font_manager DEBUG findfont: score(<Font 'cmr10' (cmr10.ttf) normal normal 400 normal>) = 10.05
09:33:01,102 matplotlib.font_manager DEBUG findfont: score(<Font 'DejaVu Serif' (DejaVuSerif-Bold.ttf) normal normal 700 normal>) = 10.335
09:33:01,102 matplotlib.font_manager DEBUG findfont: score(<Font 'esint10' (esint10.ttf) normal normal 400 normal>) = 10.05
09:33:01,103 matplotlib.font_manager DEBUG findfont: score(<Font 'eufm10' (eufm10.ttf) normal normal 400 normal>) = 10.05
09:33:01,103 matplotlib.font_manager DEBUG findfont: score(<Font 'Ubuntu Mono' (UbuntuMono-RI.ttf) italic normal 400 normal>) = 11.05
09:33:01,103 matplotlib.font_manager DEBUG findfont: score(<Font 'Ubuntu' (Ubuntu-BI.ttf) italic normal 700 normal>) = 11.335
09:33:01,103 matplotlib.font_manager DEBUG findfont: score(<Font 'Ubuntu' (Ubuntu-Th.ttf) normal normal 250 normal>) = 10.1925
09:33:01,103 matplotlib.font_manager DEBUG findfont: score(<Font 'Ubuntu' (Ubuntu-RI.ttf) italic normal 400 normal>) = 11.05
09:33:01,103 matplotlib.font_manager DEBUG findfont: score(<Font 'DejaVu Sans Mono' (DejaVuSansMono.ttf) normal normal 400 normal>) = 10.05
09:33:01,103 matplotlib.font_manager DEBUG findfont: score(<Font 'rsfs10' (rsfs10.ttf) italic normal 400 normal>) = 11.05
09:33:01,103 matplotlib.font_manager DEBUG findfont: score(<Font 'stmary10' (stmary10.ttf) normal normal 400 normal>) = 10.05
09:33:01,103 matplotlib.font_manager DEBUG findfont: score(<Font 'Ubuntu' (Ubuntu-R.ttf) normal normal 400 normal>) = 10.05
09:33:01,103 matplotlib.font_manager DEBUG findfont: score(<Font 'Ubuntu' (Ubuntu-B.ttf) normal normal 700 normal>) = 10.335
09:33:01,103 matplotlib.font_manager DEBUG findfont: score(<Font 'FontAwesome' (fontawesome-webfont.ttf) normal normal 400 normal>) = 10.05
09:33:01,103 matplotlib.font_manager DEBUG findfont: score(<Font 'GLYPHICONS Halflings' (glyphicons-halflings-regular.ttf) normal normal 400 normal>) = 10.05
09:33:01,103 matplotlib.font_manager DEBUG findfont: Matching sans\-serif:style=normal:variant=normal:weight=normal:stretch=normal:size=13.0 to DejaVu Sans ('/home/brandm/anaconda3/envs/py38/lib/python3.8/site-packages/matplotlib/mpl-data/fonts/ttf/DejaVuSans.ttf') with score of 0.050000.
09:33:01,301 matplotlib.backends.backend_pdf DEBUG Assigning font /b'F1' = '/home/brandm/anaconda3/envs/py38/lib/python3.8/site-packages/matplotlib/mpl-data/fonts/ttf/DejaVuSans.ttf'
09:33:01,529 matplotlib.backends.backend_pdf DEBUG Embedding font /home/brandm/anaconda3/envs/py38/lib/python3.8/site-packages/matplotlib/mpl-data/fonts/ttf/DejaVuSans.ttf.
09:33:01,530 matplotlib.backends.backend_pdf DEBUG Writing TrueType font.
