08:31:50,793 gausspyplus.utils.output INFO 
================
GaussPy training
================
08:31:50,884 matplotlib DEBUG (private) matplotlib data path: /home/brandm/anaconda3/envs/py38/lib/python3.8/site-packages/matplotlib/mpl-data
08:31:50,884 matplotlib DEBUG matplotlib data path: /home/brandm/anaconda3/envs/py38/lib/python3.8/site-packages/matplotlib/mpl-data
08:31:50,887 matplotlib DEBUG CONFIGDIR=/home/brandm/.config/matplotlib
08:31:50,888 matplotlib DEBUG matplotlib version 3.3.4
08:31:50,888 matplotlib DEBUG interactive is False
08:31:50,888 matplotlib DEBUG platform is linux
08:31:50,889 matplotlib DEBUG loaded modules: ['sys', 'builtins', '_frozen_importlib', '_imp', '_warnings', '_frozen_importlib_external', '_io', 'marshal', 'posix', '_thread', '_weakref', 'time', 'zipimport', '_codecs', 'codecs', 'encodings.aliases', 'encodings', 'encodings.utf_8', '_signal', '__main__', 'encodings.latin_1', '_abc', 'abc', 'io', '_stat', 'stat', '_collections_abc', 'genericpath', 'posixpath', 'os.path', 'os', '_sitebuiltins', '_locale', '_bootlocale', '_distutils_hack', 'types', 'importlib._bootstrap', 'importlib._bootstrap_external', 'warnings', 'importlib', 'importlib.machinery', 'importlib.abc', '_operator', 'operator', 'keyword', '_heapq', 'heapq', 'itertools', 'reprlib', '_collections', 'collections', '_functools', 'functools', 'contextlib', 'importlib.util', 'mpl_toolkits', 'sphinxcontrib', 'zope', 'site', 'enum', '_sre', 'sre_constants', 'sre_parse', 'sre_compile', 'copyreg', 're', 'fnmatch', 'errno', 'zlib', '_compression', '_weakrefset', 'threading', '_bz2', 'bz2', '_lzma', 'lzma', 'pwd', 'grp', 'shutil', 'locale', 'gettext', 'argparse', '__future__', 'math', '_datetime', 'datetime', 'signal', '_posixsubprocess', 'select', 'collections.abc', 'selectors', 'subprocess', 'gausspyplus.version', 'astropy._version', 'packaging', 'typing.io', 'typing.re', 'typing', 'packaging._structures', 'packaging.version', 'astropy.version', 'astropy.config.paths', 'weakref', 'pkgutil', 'textwrap', 'astropy.extern', 'astropy.extern.configobj', 'astropy.extern.configobj.configobj', 'pprint', 'astropy.extern.configobj.validate', '_opcode', 'opcode', 'dis', 'token', 'tokenize', 'linecache', 'inspect', '_csv', 'csv', 'email', 'ntpath', 'urllib', 'urllib.parse', 'pathlib', 'binascii', '_struct', 'struct', 'zipfile', 'configparser', 'importlib.metadata', 'erfa._version', 'numpy._globals', 'numpy.__config__', 'numpy.version', 'numpy._distributor_init', 'numpy.core._multiarray_umath', 'numpy.compat._inspect', '_compat_pickle', '_pickle', 'pickle', 'numpy.compat.py3k', 'numpy.compat', 'numpy.core.overrides', 'numpy.core.multiarray', 'numpy.core.umath', 'numbers', 'numpy.core._string_helpers', 'numpy.core._dtype', 'numpy.core._type_aliases', 'numpy.core.numerictypes', 'numpy.core._asarray', 'numpy.core._exceptions', 'numpy.core._methods', 'numpy.core.fromnumeric', 'numpy.core.shape_base', 'numpy.core._ufunc_config', 'numpy.core.arrayprint', 'numpy.core.numeric', 'numpy.core.defchararray', 'numpy.core.records', 'numpy.core.memmap', 'numpy.core.function_base', 'numpy.core.machar', 'numpy.core.getlimits', 'numpy.core.einsumfunc', 'numpy.core._multiarray_tests', 'numpy.core._add_newdocs', 'numpy.core._add_newdocs_scalars', 'numpy.core._dtype_ctypes', '_ast', 'ast', 'platform', '_ctypes', 'ctypes._endian', 'ctypes', 'numpy.core._internal', 'numpy._pytesttester', 'numpy.core', 'numpy.lib.mixins', 'numpy.lib.ufunclike', 'numpy.lib.type_check', 'numpy.lib.scimath', 'numpy.lib.twodim_base', 'numpy.linalg.lapack_lite', 'numpy.linalg._umath_linalg', 'numpy.linalg.linalg', 'numpy.linalg', 'numpy.matrixlib.defmatrix', 'numpy.matrixlib', 'numpy.lib.histograms', 'numpy.lib.function_base', 'numpy.lib.stride_tricks', 'numpy.lib.index_tricks', 'numpy.lib.nanfunctions', 'numpy.lib.shape_base', 'numpy.lib.polynomial', 'numpy.lib.utils', 'numpy.lib.arraysetops', 'numpy.lib.format', 'numpy.lib._datasource', 'numpy.lib._iotools', 'numpy.lib.npyio', 'numpy.lib.arrayterator', 'numpy.lib.arraypad', 'numpy.lib._version', 'numpy.lib', 'numpy.fft._pocketfft_internal', 'numpy.fft._pocketfft', 'numpy.fft.helper', 'numpy.fft', 'numpy.polynomial.polyutils', 'numpy.polynomial._polybase', 'numpy.polynomial.polynomial', 'numpy.polynomial.chebyshev', 'numpy.polynomial.legendre', 'numpy.polynomial.hermite', 'numpy.polynomial.hermite_e', 'numpy.polynomial.laguerre', 'numpy.polynomial', 'cython_runtime', '_cython_0_29_21', 'numpy.random._common', 'base64', '_hashlib', '_blake2', '_sha3', 'hashlib', 'hmac', '_bisect', 'bisect', '_sha512', '_random', 'random', 'secrets', 'numpy.random.bit_generator', 'numpy.random._bounded_integers', 'numpy.random._mt19937', 'numpy.random.mtrand', 'numpy.random._philox', 'numpy.random._pcg64', 'numpy.random._sfc64', 'numpy.random._generator', 'numpy.random._pickle', 'numpy.random', 'numpy.ctypeslib', 'numpy.ma.core', 'numpy.ma.extras', 'numpy.ma', 'numpy', 'erfa.ufunc', 'erfa.version', 'erfa.core', 'erfa.helpers', 'erfa', 'astropy.utils.exceptions', 'astropy.utils.decorators', 'astropy.utils.introspection', 'astropy.utils.codegen', 'difflib', '_json', 'json.scanner', 'json.decoder', 'json.encoder', 'json', 'traceback', 'unicodedata', 'astropy.utils.misc', 'astropy.utils.shapes', 'astropy.utils', 'astropy.config.configuration', 'astropy.config.affiliated', 'astropy.config', 'astropy.utils.state', 'astropy.tests', 'glob', 'copy', 'shlex', 'tempfile', 'astropy.tests.runner', '_string', 'string', 'atexit', 'logging', 'astropy.logger', 'astropy.utils._compiler', 'astropy', 'gausspyplus._astropy_init', 'gausspyplus', 'astropy.units.format.base', '_decimal', 'decimal', 'fractions', 'astropy.units.utils', 'astropy.utils.parsing', 'astropy.units.format.utils', 'astropy.units.format.cds', 'astropy.units.format.console', 'astropy.units.format.generic', 'astropy.units.format.fits', 'astropy.units.format.latex', 'astropy.units.format.ogip', 'astropy.units.format.unicode_format', 'astropy.units.format.vounit', 'astropy.units.format', 'astropy.units.core', 'astropy.utils.compat.misc', 'astropy.utils.compat.numpycompat', 'astropy.utils.compat', 'astropy.utils.metadata', 'astropy.utils.data_info', 'astropy.units.quantity_helper.converters', 'astropy.units.structured', 'astropy.units.quantity_helper.helpers', 'astropy.units.quantity_helper.erfa', 'numpy.ma.mrecords', 'unittest.util', 'unittest.result', 'concurrent', 'concurrent.futures._base', 'concurrent.futures', '_socket', 'socket', '_ssl', 'ssl', 'asyncio.constants', 'asyncio.format_helpers', 'asyncio.base_futures', 'asyncio.log', 'asyncio.coroutines', '_contextvars', 'contextvars', 'asyncio.exceptions', 'asyncio.base_tasks', '_asyncio', 'asyncio.events', 'asyncio.futures', 'asyncio.protocols', 'asyncio.transports', 'asyncio.sslproto', 'asyncio.locks', 'asyncio.tasks', 'asyncio.staggered', 'asyncio.trsock', 'asyncio.base_events', 'asyncio.runners', 'asyncio.queues', 'asyncio.streams', 'asyncio.subprocess', 'asyncio.base_subprocess', 'asyncio.selector_events', 'asyncio.unix_events', 'asyncio', 'unittest.case', 'unittest.async_case', 'unittest.suite', 'unittest.loader', 'unittest.signals', 'unittest.runner', 'unittest.main', 'unittest', 'numpy.testing._private', 'gc', 'numpy.testing._private.utils', 'numpy.testing._private.decorators', 'numpy.testing._private.nosetester', 'numpy.testing', 'numpy.lib.recfunctions', 'astropy.units.quantity_helper.function_helpers', 'astropy.units.quantity_helper.scipy_special', 'astropy.units.quantity_helper', 'astropy.units.quantity', 'astropy.constants.constant', 'astropy.constants.codata2018', 'astropy.constants.iau2015', 'astropy.constants.config', 'astropy.constants.cgs', 'astropy.constants.si', 'astropy.constants.utils', 'astropy.constants', 'astropy.units.si', 'astropy.extern.ply', 'astropy.extern.ply.yacc', 'astropy.units.format.generic_parsetab', 'astropy.extern.ply.lex', 'astropy.units.format.generic_lextab', 'astropy.units.astrophys', 'astropy.units.cgs', 'astropy.units.misc', 'astropy.units.photometric', 'astropy.units.function.core', 'astropy.units.function.mixin', 'astropy.units.function.units', 'astropy.units.function.logarithmic', 'astropy.units.function', 'astropy.units.imperial', 'astropy.units.physical', 'astropy.units.equivalencies', 'typing_extensions', 'astropy.units._typing', 'astropy.units.decorators', 'astropy.units', 'gausspyplus.utils', 'gausspyplus.utils.output', 'gausspyplus.config_file', 'gausspyplus.training', 'gausspyplus.gausspy_py3', 'gausspyplus.gausspy_py3.gp', 'multiprocessing.process', 'array', 'multiprocessing.reduction', 'multiprocessing.context', '__mp_main__', 'multiprocessing', 'matplotlib', 'setuptools._distutils', 'distutils.debug', 'distutils.errors', 'getopt', 'distutils.fancy_getopt', 'sysconfig', 'distutils.dep_util', 'distutils._log', 'distutils.spawn', 'distutils.util', 'distutils.dist', 'distutils.dir_util', 'distutils.file_util', 'distutils.archive_util', 'distutils.cmd', 'distutils.config', 'distutils.extension', 'distutils.core', '_distutils_hack.override', 'setuptools.warnings', 'setuptools.extern', 'setuptools._vendor', 'setuptools._vendor.zipp', 'uu', 'quopri', 'calendar', 'email._parseaddr', 'email.base64mime', 'email.quoprimime', 'email.errors', 'email.encoders', 'email.charset', 'email.utils', 'email.header', 'email._policybase', 'email._encoded_words', 'email.iterators', 'email.message', 'setuptools._vendor.importlib_metadata._functools', 'setuptools._vendor.importlib_metadata._text', 'setuptools._vendor.importlib_metadata._compat', 'setuptools._vendor.importlib_metadata._adapters', 'setuptools._vendor.importlib_metadata._meta', 'setuptools._vendor.importlib_metadata._py39compat', 'setuptools._vendor.importlib_metadata._collections', 'setuptools._vendor.importlib_metadata._itertools', 'setuptools._vendor.importlib_metadata', 'setuptools.extern.importlib_metadata', 'zipp.py310compat', 'zipp', 'importlib_metadata._functools', 'importlib_metadata._text', 'importlib_metadata._compat', 'importlib_metadata._adapters', 'importlib_metadata._meta', 'importlib_metadata._py39compat', 'importlib_metadata._collections', 'importlib_metadata._itertools', 'importlib_metadata', 'setuptools._vendor.importlib_resources._compat', 'setuptools._vendor.importlib_resources.abc', 'setuptools._vendor.importlib_resources._common', 'setuptools._vendor.importlib_resources._legacy', 'setuptools._vendor.importlib_resources', 'setuptools.extern.importlib_resources', 'setuptools._importlib', 'email.feedparser', 'email.parser', 'setuptools.version', 'distutils.filelist', 'setuptools.monkey', 'setuptools.extension', 'distutils.log', 'distutils.command', 'setuptools._vendor.packaging', 'setuptools.extern.packaging', 'setuptools._vendor.ordered_set', 'setuptools.extern.ordered_set', '_queue', 'queue', 'setuptools._vendor.more_itertools.recipes', 'setuptools._vendor.more_itertools.more', 'setuptools._vendor.more_itertools', 'setuptools.extern.more_itertools', 'distutils.command.bdist', 'setuptools.command', 'setuptools.windows_support', 'setuptools.errors', 'dataclasses', 'setuptools._vendor.packaging._elffile', 'setuptools._vendor.packaging._manylinux', 'setuptools._vendor.packaging._musllinux', 'setuptools.extern.packaging.tags', 'setuptools.extern.packaging._structures', 'setuptools.extern.packaging.version', 'setuptools.extern.packaging.utils', 'setuptools.extern.packaging.specifiers', 'setuptools.extern.packaging._tokenizer', 'setuptools.extern.packaging._parser', 'setuptools.extern.packaging.markers', 'setuptools.extern.packaging.requirements', 'setuptools._path', 'setuptools.config.expand', 'setuptools.config.setupcfg', 'setuptools.config', 'email._header_value_parser', 'email.headerregistry', 'setuptools.config._apply_pyprojecttoml', 'setuptools.config.pyprojecttoml', 'setuptools.discovery', 'setuptools._vendor.jaraco', 'setuptools.extern.jaraco', 'importlib.resources', 'setuptools.extern.jaraco.functools', 'setuptools.extern.jaraco.context', 'setuptools.extern.jaraco.text', 'setuptools._reqs', 'setuptools._itertools', 'setuptools._entry_points', 'setuptools._normalization', 'setuptools.dist', 'setuptools._imp', 'setuptools.depends', 'setuptools.logging', 'setuptools.msvc', 'setuptools', 'distutils', 'distutils.version', 'gzip', 'matplotlib.cbook.deprecation', 'matplotlib.cbook', 'uuid', 'matplotlib._animation_data', 'matplotlib.animation', 'pyparsing.util', 'pyparsing.unicode', 'pyparsing.exceptions', 'pyparsing.actions', 'pyparsing.results', 'pyparsing.core', 'html.entities', 'html', 'pyparsing.helpers', 'pyparsing.testing', 'pyparsing.common', 'pyparsing', 'matplotlib.fontconfig_pattern', 'matplotlib.docstring', 'matplotlib._color_data', 'matplotlib.colors', 'cycler', 'matplotlib.rcsetup', 'matplotlib._version', 'matplotlib.ft2font', 'dateutil._version', 'dateutil', 'kiwisolver._cext', 'kiwisolver']
08:31:50,913 matplotlib DEBUG CACHEDIR=/home/brandm/.cache/matplotlib
08:31:50,914 matplotlib.font_manager DEBUG Using fontManager instance from /home/brandm/.cache/matplotlib/fontlist-v330.json
08:31:51,179 matplotlib.pyplot DEBUG Loaded backend module://matplotlib_inline.backend_inline version unknown.
08:31:51,585 gausspyplus.utils.output INFO Using training set: /home/brandm/Documents/Astro_research/gausspyplus/atca/decomposition_spect_1000/gpy_training/spect_1000-training_set_200_spectra.pickle
08:31:54,126 gausspyplus.utils.output INFO 
08:31:54,127 gausspyplus.utils.output INFO 1.4, 0.9, -0.004850166936151201, 0.0
08:31:54,127 gausspyplus.utils.output INFO iter 0: F1=93.7%, alpha=[1.4, 7.8], p=[0.00, 0.00]
08:31:54,127 gausspyplus.utils.output INFO  (Convergence testing begins in 20 iterations)
08:31:56,634 gausspyplus.utils.output INFO 
08:31:56,634 gausspyplus.utils.output INFO 1.404365150242536, 0.9, -0.004850166936151201, 0.003492120194028914
08:31:56,636 gausspyplus.utils.output INFO iter 1: F1=93.6%, alpha=[1.4, 7.8], p=[0.00, -0.00]
08:31:56,636 gausspyplus.utils.output INFO  (Convergence testing begins in 19 iterations)
08:31:59,351 gausspyplus.utils.output INFO 
08:31:59,352 gausspyplus.utils.output INFO 1.4122224206791012, 0.9, -0.0004483828058227668, 0.0062858163492521164
08:31:59,352 gausspyplus.utils.output INFO iter 2: F1=93.8%, alpha=[1.41, 7.79], p=[0.01, -0.00]
08:31:59,352 gausspyplus.utils.output INFO  (Convergence testing begins in 18 iterations)
08:32:02,42 gausspyplus.utils.output INFO 
08:32:02,42 gausspyplus.utils.output INFO 1.4189117815535937, 0.9, 0.00988483111199534, 0.005351488699593965
08:32:02,44 gausspyplus.utils.output INFO iter 3: F1=93.9%, alpha=[1.42, 7.78], p=[0.01, -0.01]
08:32:02,44 gausspyplus.utils.output INFO  (Convergence testing begins in 17 iterations)
08:32:04,608 gausspyplus.utils.output INFO 
08:32:04,609 gausspyplus.utils.output INFO 1.415366922252392, 0.9, 0.006656420402912949, -0.0028358874409613933
08:32:04,609 gausspyplus.utils.output INFO iter 4: F1=94.0%, alpha=[1.42, 7.78], p=[-0.00, -0.00]
08:32:04,609 gausspyplus.utils.output INFO  (Convergence testing begins in 16 iterations)
08:32:07,22 gausspyplus.utils.output INFO 
08:32:07,22 gausspyplus.utils.output INFO 1.406540256448809, 0.9, -0.00818072557427385, -0.007061332642866347
08:32:07,22 gausspyplus.utils.output INFO iter 5: F1=93.7%, alpha=[1.41, 7.77], p=[-0.01, -0.00]
08:32:07,23 gausspyplus.utils.output INFO  (Convergence testing begins in 15 iterations)
08:32:09,485 gausspyplus.utils.output INFO 
08:32:09,485 gausspyplus.utils.output INFO 1.406841576822789, 0.9, -0.00818072557427385, 0.00024105629918409478
08:32:09,485 gausspyplus.utils.output INFO iter 6: F1=93.7%, alpha=[1.41, 7.77], p=[0.00, -0.00]
08:32:09,485 gausspyplus.utils.output INFO  (Convergence testing begins in 14 iterations)
08:32:11,786 gausspyplus.utils.output INFO 
08:32:11,786 gausspyplus.utils.output INFO 1.4144452861388197, 0.9, -0.0004483828058227668, 0.006082967452824484
08:32:11,787 gausspyplus.utils.output INFO iter 7: F1=93.9%, alpha=[1.41, 7.77], p=[0.01, -0.00]
08:32:11,787 gausspyplus.utils.output INFO  (Convergence testing begins in 13 iterations)
08:32:14,522 gausspyplus.utils.output INFO 
08:32:14,522 gausspyplus.utils.output INFO 1.4209317981168845, 0.9, 0.02018769231092643, 0.0051892095824518595
08:32:14,524 gausspyplus.utils.output INFO iter 8: F1=94.0%, alpha=[1.42, 7.76], p=[0.01, -0.00]
08:32:14,524 gausspyplus.utils.output INFO  (Convergence testing begins in 12 iterations)
08:32:17,133 gausspyplus.utils.output INFO 
08:32:17,133 gausspyplus.utils.output INFO 1.4079520846195026, 0.9, -0.00435010442573272, -0.010383770797905534
08:32:17,133 gausspyplus.utils.output INFO iter 9: F1=93.8%, alpha=[1.41, 7.76], p=[-0.01, -0.00]
08:32:17,133 gausspyplus.utils.output INFO  (Convergence testing begins in 11 iterations)
08:32:19,748 gausspyplus.utils.output INFO 
08:32:19,748 gausspyplus.utils.output INFO 1.4014834078047564, 0.9, -0.004850166936151201, -0.005174941451796933
08:32:19,748 gausspyplus.utils.output INFO iter 10: F1=93.7%, alpha=[1.4, 7.76], p=[-0.01, -0.00]
08:32:19,748 gausspyplus.utils.output INFO  (Convergence testing begins in 10 iterations)
08:32:22,385 gausspyplus.utils.output INFO 
08:32:22,385 gausspyplus.utils.output INFO 1.4006736165954956, 0.9, -0.004850166936151201, -0.000647832967408668
08:32:22,385 gausspyplus.utils.output INFO iter 11: F1=93.7%, alpha=[1.4, 7.76], p=[-0.00, -0.00]
08:32:22,385 gausspyplus.utils.output INFO  (Convergence testing begins in 9 iterations)
08:32:24,740 gausspyplus.utils.output INFO 
08:32:24,740 gausspyplus.utils.output INFO 1.404390933870623, 0.9, -0.004850166936151201, 0.0029738538201019796
08:32:24,740 gausspyplus.utils.output INFO iter 12: F1=93.7%, alpha=[1.4, 7.76], p=[0.00, -0.00]
08:32:24,740 gausspyplus.utils.output INFO  (Convergence testing begins in 8 iterations)
08:32:27,457 gausspyplus.utils.output INFO 
08:32:27,457 gausspyplus.utils.output INFO 1.4117299379332613, 0.9, -0.0004483828058227668, 0.005871203250110569
08:32:27,457 gausspyplus.utils.output INFO iter 13: F1=93.9%, alpha=[1.41, 7.76], p=[0.01, -0.00]
08:32:27,457 gausspyplus.utils.output INFO  (Convergence testing begins in 7 iterations)
08:32:30,44 gausspyplus.utils.output INFO 
08:32:30,44 gausspyplus.utils.output INFO 1.4180046857086122, 0.9, 0.00988483111199534, 0.005019798220280692
08:32:30,46 gausspyplus.utils.output INFO iter 14: F1=93.9%, alpha=[1.42, 7.76], p=[0.01, -0.00]
08:32:30,46 gausspyplus.utils.output INFO  (Convergence testing begins in 6 iterations)
08:32:32,828 gausspyplus.utils.output INFO 
08:32:32,829 gausspyplus.utils.output INFO 1.414128135928097, 0.9, -0.0004483828058227668, -0.0031012398244120833
08:32:32,829 gausspyplus.utils.output INFO iter 15: F1=93.9%, alpha=[1.41, 7.76], p=[-0.00, -0.00]
08:32:32,829 gausspyplus.utils.output INFO  (Convergence testing begins in 5 iterations)
08:32:36,902 gausspyplus.utils.output INFO 
08:32:36,902 gausspyplus.utils.output INFO 1.4114304406289253, 0.9, -0.0004483828058227668, -0.0021581562393373946
08:32:36,902 gausspyplus.utils.output INFO iter 16: F1=93.9%, alpha=[1.41, 7.76], p=[-0.00, -0.00]
08:32:36,902 gausspyplus.utils.output INFO  (Convergence testing begins in 4 iterations)
08:32:39,576 gausspyplus.utils.output INFO 
08:32:39,576 gausspyplus.utils.output INFO 1.4096758289148283, 0.9, -0.007578515134815111, -0.0014036893712775723
08:32:39,576 gausspyplus.utils.output INFO iter 17: F1=93.8%, alpha=[1.41, 7.76], p=[-0.00, -0.00]
08:32:39,576 gausspyplus.utils.output INFO  (Convergence testing begins in 3 iterations)
08:32:42,31 gausspyplus.utils.output INFO 
08:32:42,31 gausspyplus.utils.output INFO 1.4150928031648844, 0.9, -0.0004483828058227668, 0.004333579400044841
08:32:42,33 gausspyplus.utils.output INFO iter 18: F1=93.9%, alpha=[1.42, 7.76], p=[0.00, -0.00]
08:32:42,33 gausspyplus.utils.output INFO  (Convergence testing begins in 2 iterations)
08:32:44,433 gausspyplus.utils.output INFO 
08:32:44,433 gausspyplus.utils.output INFO 1.4198299270901695, 0.9, 0.013108038900678326, 0.003789699140228109
08:32:44,433 gausspyplus.utils.output INFO iter 19: F1=93.9%, alpha=[1.42, 7.76], p=[0.00, -0.00]
08:32:44,433 gausspyplus.utils.output INFO  (Convergence testing begins in 1 iterations)
08:32:47,885 gausspyplus.utils.output INFO 
08:32:47,885 gausspyplus.utils.output INFO 1.4118223912197871, 0.9, -0.0004483828058227668, -0.00640602869630591
08:32:47,886 gausspyplus.utils.output INFO iter 20: F1=93.9%, alpha=[1.41, 7.76], p=[-0.01, -0.00]
08:32:47,886 gausspyplus.utils.output INFO  (Convergence testing begins in 0 iterations)
08:32:52,505 gausspyplus.utils.output INFO 
08:32:52,505 gausspyplus.utils.output INFO 1.4058199070487216, 0.9, -0.00818072557427385, -0.004801987336852421
08:32:52,505 gausspyplus.utils.output INFO iter 21: F1=93.7%, alpha=[1.41, 7.76], p=[-0.00, -0.00]
08:32:52,506 gausspyplus.utils.output INFO   (0.00,0.02 < 0.03 for 1 iters [10 required])
08:32:55,878 gausspyplus.utils.output INFO 
08:32:55,878 gausspyplus.utils.output INFO 1.4083805727287158, 0.9, -0.00435010442573272, 0.002048532543995307
08:32:55,878 gausspyplus.utils.output INFO iter 22: F1=93.8%, alpha=[1.41, 7.76], p=[0.00, -0.00]
08:32:55,879 gausspyplus.utils.output INFO   (0.00,0.01 < 0.03 for 2 iters [10 required])
08:32:59,33 gausspyplus.utils.output INFO 
08:32:59,33 gausspyplus.utils.output INFO 1.4143441992558705, 0.9, -0.0004483828058227668, 0.004770901221723811
08:32:59,33 gausspyplus.utils.output INFO iter 23: F1=93.9%, alpha=[1.41, 7.76], p=[0.00, -0.00]
08:32:59,34 gausspyplus.utils.output INFO   (0.00,0.01 < 0.03 for 3 iters [10 required])
08:33:01,985 gausspyplus.utils.output INFO 
08:33:01,985 gausspyplus.utils.output INFO 1.4195186450028348, 0.9, 0.013108038900678326, 0.0041395565975713925
08:33:01,985 gausspyplus.utils.output INFO iter 24: F1=93.8%, alpha=[1.42, 7.76], p=[0.00, -0.00]
08:33:01,986 gausspyplus.utils.output INFO   (0.00,0.01 < 0.03 for 4 iters [10 required])
08:33:05,924 gausspyplus.utils.output INFO 
08:33:05,924 gausspyplus.utils.output INFO 1.4118609665897957, 0.9, -0.0004483828058227668, -0.006126142730431283
08:33:05,925 gausspyplus.utils.output INFO iter 25: F1=93.9%, alpha=[1.41, 7.76], p=[-0.01, -0.00]
08:33:05,925 gausspyplus.utils.output INFO   (0.00,0.01 < 0.03 for 5 iters [10 required])
08:33:09,275 gausspyplus.utils.output INFO 
08:33:09,275 gausspyplus.utils.output INFO 1.4061383683846047, 0.9, -0.00818072557427385, -0.004578078564152754
08:33:09,275 gausspyplus.utils.output INFO iter 26: F1=93.7%, alpha=[1.41, 7.76], p=[-0.00, -0.00]
08:33:09,276 gausspyplus.utils.output INFO   (0.00,0.01 < 0.03 for 6 iters [10 required])
08:33:19,178 gausspyplus.utils.output INFO 
08:33:19,179 gausspyplus.utils.output INFO 1.4089229428372985, 0.9, -0.00435010442573272, 0.0022276595621550043
08:33:19,179 gausspyplus.utils.output INFO iter 27: F1=93.7%, alpha=[1.41, 7.76], p=[0.00, -0.00]
08:33:19,179 gausspyplus.utils.output INFO   (0.00,0.00 < 0.03 for 7 iters [10 required])
08:33:22,262 gausspyplus.utils.output INFO 
08:33:22,262 gausspyplus.utils.output INFO 1.415065696382613, 0.9, -0.0004483828058227668, 0.004914202836251569
08:33:22,262 gausspyplus.utils.output INFO iter 28: F1=93.9%, alpha=[1.42, 7.76], p=[0.00, -0.00]
08:33:22,263 gausspyplus.utils.output INFO   (0.00,0.00 < 0.03 for 8 iters [10 required])
08:33:25,334 gausspyplus.utils.output INFO 
08:33:25,334 gausspyplus.utils.output INFO 1.420383443744105, 0.9, 0.02018769231092643, 0.004254197889193634
08:33:25,334 gausspyplus.utils.output INFO iter 29: F1=94.0%, alpha=[1.42, 7.76], p=[0.00, -0.00]
08:33:25,335 gausspyplus.utils.output INFO   (0.00,0.00 < 0.03 for 9 iters [10 required])
08:33:27,989 gausspyplus.utils.output INFO 
08:33:27,989 gausspyplus.utils.output INFO 1.4064687185534648, 0.9, -0.00818072557427385, -0.01113178015251215
08:33:27,989 gausspyplus.utils.output INFO iter 30: F1=93.7%, alpha=[1.41, 7.76], p=[-0.01, -0.00]
08:33:27,990 gausspyplus.utils.output INFO   (0.00,0.00 < 0.03 for 10 iters [10 required])
08:33:30,659 gausspyplus.utils.output INFO 
08:33:30,659 gausspyplus.utils.output INFO 1.402699591417799, 0.9, -0.004850166936151201, -0.0030153017085325475
08:33:30,661 gausspyplus.utils.output INFO iter 31: F1=93.7%, alpha=[1.4, 7.76], p=[-0.00, -0.00]
08:33:30,661 gausspyplus.utils.output INFO   (0.00,0.00 < 0.03 for 11 iters [10 required])
08:33:30,662 gausspyplus.utils.output INFO Stable convergence achieved at iteration: 31
