08:37:27,412 gausspyplus.utils.output INFO 
================
GaussPy training
================
08:37:27,500 matplotlib DEBUG (private) matplotlib data path: /home/brandm/anaconda3/envs/py38/lib/python3.8/site-packages/matplotlib/mpl-data
08:37:27,500 matplotlib DEBUG matplotlib data path: /home/brandm/anaconda3/envs/py38/lib/python3.8/site-packages/matplotlib/mpl-data
08:37:27,503 matplotlib DEBUG CONFIGDIR=/home/brandm/.config/matplotlib
08:37:27,504 matplotlib DEBUG matplotlib version 3.3.4
08:37:27,504 matplotlib DEBUG interactive is False
08:37:27,504 matplotlib DEBUG platform is linux
08:37:27,504 matplotlib DEBUG loaded modules: ['sys', 'builtins', '_frozen_importlib', '_imp', '_warnings', '_frozen_importlib_external', '_io', 'marshal', 'posix', '_thread', '_weakref', 'time', 'zipimport', '_codecs', 'codecs', 'encodings.aliases', 'encodings', 'encodings.utf_8', '_signal', '__main__', 'encodings.latin_1', '_abc', 'abc', 'io', '_stat', 'stat', '_collections_abc', 'genericpath', 'posixpath', 'os.path', 'os', '_sitebuiltins', '_locale', '_bootlocale', '_distutils_hack', 'types', 'importlib._bootstrap', 'importlib._bootstrap_external', 'warnings', 'importlib', 'importlib.machinery', 'importlib.abc', '_operator', 'operator', 'keyword', '_heapq', 'heapq', 'itertools', 'reprlib', '_collections', 'collections', '_functools', 'functools', 'contextlib', 'importlib.util', 'mpl_toolkits', 'sphinxcontrib', 'zope', 'site', 'enum', '_sre', 'sre_constants', 'sre_parse', 'sre_compile', 'copyreg', 're', 'fnmatch', 'errno', 'zlib', '_compression', '_weakrefset', 'threading', '_bz2', 'bz2', '_lzma', 'lzma', 'pwd', 'grp', 'shutil', 'locale', 'gettext', 'argparse', '__future__', 'math', '_datetime', 'datetime', 'signal', '_posixsubprocess', 'select', 'collections.abc', 'selectors', 'subprocess', 'gausspyplus.version', 'astropy._version', 'packaging', 'typing.io', 'typing.re', 'typing', 'packaging._structures', 'packaging.version', 'astropy.version', 'astropy.config.paths', 'weakref', 'pkgutil', 'textwrap', 'astropy.extern', 'astropy.extern.configobj', 'astropy.extern.configobj.configobj', 'pprint', 'astropy.extern.configobj.validate', '_opcode', 'opcode', 'dis', 'token', 'tokenize', 'linecache', 'inspect', '_csv', 'csv', 'email', 'ntpath', 'urllib', 'urllib.parse', 'pathlib', 'binascii', '_struct', 'struct', 'zipfile', 'configparser', 'importlib.metadata', 'erfa._version', 'numpy._globals', 'numpy.__config__', 'numpy.version', 'numpy._distributor_init', 'numpy.core._multiarray_umath', 'numpy.compat._inspect', '_compat_pickle', '_pickle', 'pickle', 'numpy.compat.py3k', 'numpy.compat', 'numpy.core.overrides', 'numpy.core.multiarray', 'numpy.core.umath', 'numbers', 'numpy.core._string_helpers', 'numpy.core._dtype', 'numpy.core._type_aliases', 'numpy.core.numerictypes', 'numpy.core._asarray', 'numpy.core._exceptions', 'numpy.core._methods', 'numpy.core.fromnumeric', 'numpy.core.shape_base', 'numpy.core._ufunc_config', 'numpy.core.arrayprint', 'numpy.core.numeric', 'numpy.core.defchararray', 'numpy.core.records', 'numpy.core.memmap', 'numpy.core.function_base', 'numpy.core.machar', 'numpy.core.getlimits', 'numpy.core.einsumfunc', 'numpy.core._multiarray_tests', 'numpy.core._add_newdocs', 'numpy.core._add_newdocs_scalars', 'numpy.core._dtype_ctypes', '_ast', 'ast', 'platform', '_ctypes', 'ctypes._endian', 'ctypes', 'numpy.core._internal', 'numpy._pytesttester', 'numpy.core', 'numpy.lib.mixins', 'numpy.lib.ufunclike', 'numpy.lib.type_check', 'numpy.lib.scimath', 'numpy.lib.twodim_base', 'numpy.linalg.lapack_lite', 'numpy.linalg._umath_linalg', 'numpy.linalg.linalg', 'numpy.linalg', 'numpy.matrixlib.defmatrix', 'numpy.matrixlib', 'numpy.lib.histograms', 'numpy.lib.function_base', 'numpy.lib.stride_tricks', 'numpy.lib.index_tricks', 'numpy.lib.nanfunctions', 'numpy.lib.shape_base', 'numpy.lib.polynomial', 'numpy.lib.utils', 'numpy.lib.arraysetops', 'numpy.lib.format', 'numpy.lib._datasource', 'numpy.lib._iotools', 'numpy.lib.npyio', 'numpy.lib.arrayterator', 'numpy.lib.arraypad', 'numpy.lib._version', 'numpy.lib', 'numpy.fft._pocketfft_internal', 'numpy.fft._pocketfft', 'numpy.fft.helper', 'numpy.fft', 'numpy.polynomial.polyutils', 'numpy.polynomial._polybase', 'numpy.polynomial.polynomial', 'numpy.polynomial.chebyshev', 'numpy.polynomial.legendre', 'numpy.polynomial.hermite', 'numpy.polynomial.hermite_e', 'numpy.polynomial.laguerre', 'numpy.polynomial', 'cython_runtime', '_cython_0_29_21', 'numpy.random._common', 'base64', '_hashlib', '_blake2', '_sha3', 'hashlib', 'hmac', '_bisect', 'bisect', '_sha512', '_random', 'random', 'secrets', 'numpy.random.bit_generator', 'numpy.random._bounded_integers', 'numpy.random._mt19937', 'numpy.random.mtrand', 'numpy.random._philox', 'numpy.random._pcg64', 'numpy.random._sfc64', 'numpy.random._generator', 'numpy.random._pickle', 'numpy.random', 'numpy.ctypeslib', 'numpy.ma.core', 'numpy.ma.extras', 'numpy.ma', 'numpy', 'erfa.ufunc', 'erfa.version', 'erfa.core', 'erfa.helpers', 'erfa', 'astropy.utils.exceptions', 'astropy.utils.decorators', 'astropy.utils.introspection', 'astropy.utils.codegen', 'difflib', '_json', 'json.scanner', 'json.decoder', 'json.encoder', 'json', 'traceback', 'unicodedata', 'astropy.utils.misc', 'astropy.utils.shapes', 'astropy.utils', 'astropy.config.configuration', 'astropy.config.affiliated', 'astropy.config', 'astropy.utils.state', 'astropy.tests', 'glob', 'copy', 'shlex', 'tempfile', 'astropy.tests.runner', '_string', 'string', 'atexit', 'logging', 'astropy.logger', 'astropy.utils._compiler', 'astropy', 'gausspyplus._astropy_init', 'gausspyplus', 'astropy.units.format.base', '_decimal', 'decimal', 'fractions', 'astropy.units.utils', 'astropy.utils.parsing', 'astropy.units.format.utils', 'astropy.units.format.cds', 'astropy.units.format.console', 'astropy.units.format.generic', 'astropy.units.format.fits', 'astropy.units.format.latex', 'astropy.units.format.ogip', 'astropy.units.format.unicode_format', 'astropy.units.format.vounit', 'astropy.units.format', 'astropy.units.core', 'astropy.utils.compat.misc', 'astropy.utils.compat.numpycompat', 'astropy.utils.compat', 'astropy.utils.metadata', 'astropy.utils.data_info', 'astropy.units.quantity_helper.converters', 'astropy.units.structured', 'astropy.units.quantity_helper.helpers', 'astropy.units.quantity_helper.erfa', 'numpy.ma.mrecords', 'unittest.util', 'unittest.result', 'concurrent', 'concurrent.futures._base', 'concurrent.futures', '_socket', 'socket', '_ssl', 'ssl', 'asyncio.constants', 'asyncio.format_helpers', 'asyncio.base_futures', 'asyncio.log', 'asyncio.coroutines', '_contextvars', 'contextvars', 'asyncio.exceptions', 'asyncio.base_tasks', '_asyncio', 'asyncio.events', 'asyncio.futures', 'asyncio.protocols', 'asyncio.transports', 'asyncio.sslproto', 'asyncio.locks', 'asyncio.tasks', 'asyncio.staggered', 'asyncio.trsock', 'asyncio.base_events', 'asyncio.runners', 'asyncio.queues', 'asyncio.streams', 'asyncio.subprocess', 'asyncio.base_subprocess', 'asyncio.selector_events', 'asyncio.unix_events', 'asyncio', 'unittest.case', 'unittest.async_case', 'unittest.suite', 'unittest.loader', 'unittest.signals', 'unittest.runner', 'unittest.main', 'unittest', 'numpy.testing._private', 'gc', 'numpy.testing._private.utils', 'numpy.testing._private.decorators', 'numpy.testing._private.nosetester', 'numpy.testing', 'numpy.lib.recfunctions', 'astropy.units.quantity_helper.function_helpers', 'astropy.units.quantity_helper.scipy_special', 'astropy.units.quantity_helper', 'astropy.units.quantity', 'astropy.constants.constant', 'astropy.constants.codata2018', 'astropy.constants.iau2015', 'astropy.constants.config', 'astropy.constants.cgs', 'astropy.constants.si', 'astropy.constants.utils', 'astropy.constants', 'astropy.units.si', 'astropy.extern.ply', 'astropy.extern.ply.yacc', 'astropy.units.format.generic_parsetab', 'astropy.extern.ply.lex', 'astropy.units.format.generic_lextab', 'astropy.units.astrophys', 'astropy.units.cgs', 'astropy.units.misc', 'astropy.units.photometric', 'astropy.units.function.core', 'astropy.units.function.mixin', 'astropy.units.function.units', 'astropy.units.function.logarithmic', 'astropy.units.function', 'astropy.units.imperial', 'astropy.units.physical', 'astropy.units.equivalencies', 'typing_extensions', 'astropy.units._typing', 'astropy.units.decorators', 'astropy.units', 'gausspyplus.utils', 'gausspyplus.utils.output', 'gausspyplus.config_file', 'gausspyplus.training', 'gausspyplus.gausspy_py3', 'gausspyplus.gausspy_py3.gp', 'multiprocessing.process', 'array', 'multiprocessing.reduction', 'multiprocessing.context', '__mp_main__', 'multiprocessing', 'matplotlib', 'setuptools._distutils', 'distutils.debug', 'distutils.errors', 'getopt', 'distutils.fancy_getopt', 'sysconfig', 'distutils.dep_util', 'distutils._log', 'distutils.spawn', 'distutils.util', 'distutils.dist', 'distutils.dir_util', 'distutils.file_util', 'distutils.archive_util', 'distutils.cmd', 'distutils.config', 'distutils.extension', 'distutils.core', '_distutils_hack.override', 'setuptools.warnings', 'setuptools.extern', 'setuptools._vendor', 'setuptools._vendor.zipp', 'uu', 'quopri', 'calendar', 'email._parseaddr', 'email.base64mime', 'email.quoprimime', 'email.errors', 'email.encoders', 'email.charset', 'email.utils', 'email.header', 'email._policybase', 'email._encoded_words', 'email.iterators', 'email.message', 'setuptools._vendor.importlib_metadata._functools', 'setuptools._vendor.importlib_metadata._text', 'setuptools._vendor.importlib_metadata._compat', 'setuptools._vendor.importlib_metadata._adapters', 'setuptools._vendor.importlib_metadata._meta', 'setuptools._vendor.importlib_metadata._py39compat', 'setuptools._vendor.importlib_metadata._collections', 'setuptools._vendor.importlib_metadata._itertools', 'setuptools._vendor.importlib_metadata', 'setuptools.extern.importlib_metadata', 'zipp.py310compat', 'zipp', 'importlib_metadata._functools', 'importlib_metadata._text', 'importlib_metadata._compat', 'importlib_metadata._adapters', 'importlib_metadata._meta', 'importlib_metadata._py39compat', 'importlib_metadata._collections', 'importlib_metadata._itertools', 'importlib_metadata', 'setuptools._vendor.importlib_resources._compat', 'setuptools._vendor.importlib_resources.abc', 'setuptools._vendor.importlib_resources._common', 'setuptools._vendor.importlib_resources._legacy', 'setuptools._vendor.importlib_resources', 'setuptools.extern.importlib_resources', 'setuptools._importlib', 'email.feedparser', 'email.parser', 'setuptools.version', 'distutils.filelist', 'setuptools.monkey', 'setuptools.extension', 'distutils.log', 'distutils.command', 'setuptools._vendor.packaging', 'setuptools.extern.packaging', 'setuptools._vendor.ordered_set', 'setuptools.extern.ordered_set', '_queue', 'queue', 'setuptools._vendor.more_itertools.recipes', 'setuptools._vendor.more_itertools.more', 'setuptools._vendor.more_itertools', 'setuptools.extern.more_itertools', 'distutils.command.bdist', 'setuptools.command', 'setuptools.windows_support', 'setuptools.errors', 'dataclasses', 'setuptools._vendor.packaging._elffile', 'setuptools._vendor.packaging._manylinux', 'setuptools._vendor.packaging._musllinux', 'setuptools.extern.packaging.tags', 'setuptools.extern.packaging._structures', 'setuptools.extern.packaging.version', 'setuptools.extern.packaging.utils', 'setuptools.extern.packaging.specifiers', 'setuptools.extern.packaging._tokenizer', 'setuptools.extern.packaging._parser', 'setuptools.extern.packaging.markers', 'setuptools.extern.packaging.requirements', 'setuptools._path', 'setuptools.config.expand', 'setuptools.config.setupcfg', 'setuptools.config', 'email._header_value_parser', 'email.headerregistry', 'setuptools.config._apply_pyprojecttoml', 'setuptools.config.pyprojecttoml', 'setuptools.discovery', 'setuptools._vendor.jaraco', 'setuptools.extern.jaraco', 'importlib.resources', 'setuptools.extern.jaraco.functools', 'setuptools.extern.jaraco.context', 'setuptools.extern.jaraco.text', 'setuptools._reqs', 'setuptools._itertools', 'setuptools._entry_points', 'setuptools._normalization', 'setuptools.dist', 'setuptools._imp', 'setuptools.depends', 'setuptools.logging', 'setuptools.msvc', 'setuptools', 'distutils', 'distutils.version', 'gzip', 'matplotlib.cbook.deprecation', 'matplotlib.cbook', 'uuid', 'matplotlib._animation_data', 'matplotlib.animation', 'pyparsing.util', 'pyparsing.unicode', 'pyparsing.exceptions', 'pyparsing.actions', 'pyparsing.results', 'pyparsing.core', 'html.entities', 'html', 'pyparsing.helpers', 'pyparsing.testing', 'pyparsing.common', 'pyparsing', 'matplotlib.fontconfig_pattern', 'matplotlib.docstring', 'matplotlib._color_data', 'matplotlib.colors', 'cycler', 'matplotlib.rcsetup', 'matplotlib._version', 'matplotlib.ft2font', 'dateutil._version', 'dateutil', 'kiwisolver._cext', 'kiwisolver']
08:37:27,528 matplotlib DEBUG CACHEDIR=/home/brandm/.cache/matplotlib
08:37:27,529 matplotlib.font_manager DEBUG Using fontManager instance from /home/brandm/.cache/matplotlib/fontlist-v330.json
08:37:27,786 matplotlib.pyplot DEBUG Loaded backend module://matplotlib_inline.backend_inline version unknown.
08:37:28,179 gausspyplus.utils.output INFO Using training set: /home/brandm/Documents/Astro_research/gausspyplus/atca/decomposition_spect_1500/gpy_training/spect_1500-training_set_200_spectra.pickle
08:37:31,2 gausspyplus.utils.output INFO 
08:37:31,2 gausspyplus.utils.output INFO 1.4, 0.9, -0.07107694752372906, 0.0
08:37:31,3 gausspyplus.utils.output INFO iter 0: F1=92.7%, alpha=[1.4, 7.8], p=[0.00, 0.00]
08:37:31,3 gausspyplus.utils.output INFO  (Convergence testing begins in 20 iterations)
08:37:33,787 gausspyplus.utils.output INFO 
08:37:33,788 gausspyplus.utils.output INFO 1.4639692527713561, 0.9, -0.05194117943945836, 0.05117540221708499
08:37:33,788 gausspyplus.utils.output INFO iter 1: F1=92.9%, alpha=[1.46, 7.79], p=[0.05, -0.01]
08:37:33,788 gausspyplus.utils.output INFO  (Convergence testing begins in 19 iterations)
08:37:36,633 gausspyplus.utils.output INFO 
08:37:36,633 gausspyplus.utils.output INFO 1.5618917164839536, 0.9, 0.00027650295932254987, 0.078337970970078
08:37:36,633 gausspyplus.utils.output INFO iter 2: F1=93.5%, alpha=[1.56, 7.77], p=[0.08, -0.01]
08:37:36,633 gausspyplus.utils.output INFO  (Convergence testing begins in 18 iterations)
08:37:39,435 gausspyplus.utils.output INFO 
08:37:39,435 gausspyplus.utils.output INFO 1.6399808347906413, 0.9, 0.024969468917796972, 0.06247129464535011
08:37:39,436 gausspyplus.utils.output INFO iter 3: F1=92.9%, alpha=[1.64, 7.75], p=[0.06, -0.02]
08:37:39,437 gausspyplus.utils.output INFO  (Convergence testing begins in 17 iterations)
08:37:42,567 gausspyplus.utils.output INFO 
08:37:42,567 gausspyplus.utils.output INFO 1.679979607409974, 0.9, 0.03542680918773092, 0.031999018095466174
08:37:42,567 gausspyplus.utils.output INFO iter 4: F1=93.3%, alpha=[1.68, 7.72], p=[0.03, -0.02]
08:37:42,567 gausspyplus.utils.output INFO  (Convergence testing begins in 16 iterations)
08:37:45,574 gausspyplus.utils.output INFO 
08:37:45,574 gausspyplus.utils.output INFO 1.6800944972364822, 0.9, 0.03542680918773092, 9.19118612065617e-05
08:37:45,575 gausspyplus.utils.output INFO iter 5: F1=93.4%, alpha=[1.68, 7.69], p=[0.00, -0.02]
08:37:45,575 gausspyplus.utils.output INFO  (Convergence testing begins in 15 iterations)
08:37:50,515 gausspyplus.utils.output INFO 
08:37:50,515 gausspyplus.utils.output INFO 1.6483022808287309, 0.9, 0.0360250689601022, -0.025433773126201056
08:37:50,515 gausspyplus.utils.output INFO iter 6: F1=93.3%, alpha=[1.65, 7.66], p=[-0.03, -0.02]
08:37:50,516 gausspyplus.utils.output INFO  (Convergence testing begins in 14 iterations)
08:37:53,344 gausspyplus.utils.output INFO 
08:37:53,344 gausspyplus.utils.output INFO 1.5904459456384379, 0.9, 0.014842034764618928, -0.04628506815223439
08:37:53,344 gausspyplus.utils.output INFO iter 7: F1=93.5%, alpha=[1.59, 7.63], p=[-0.05, -0.02]
08:37:53,344 gausspyplus.utils.output INFO  (Convergence testing begins in 13 iterations)
08:37:56,155 gausspyplus.utils.output INFO 
08:37:56,155 gausspyplus.utils.output INFO 1.5308030461980464, 0.9, -0.0019314342399178175, -0.04771431955231318
08:37:56,155 gausspyplus.utils.output INFO iter 8: F1=93.6%, alpha=[1.53, 7.61], p=[-0.05, -0.02]
08:37:56,156 gausspyplus.utils.output INFO  (Convergence testing begins in 12 iterations)
08:37:58,934 gausspyplus.utils.output INFO 
08:37:58,934 gausspyplus.utils.output INFO 1.4848270174616593, 0.9, -0.030501217733132163, -0.03678082298910965
08:37:58,934 gausspyplus.utils.output INFO iter 9: F1=93.3%, alpha=[1.48, 7.58], p=[-0.04, -0.02]
08:37:58,935 gausspyplus.utils.output INFO  (Convergence testing begins in 11 iterations)
08:38:01,758 gausspyplus.utils.output INFO 
08:38:01,758 gausspyplus.utils.output INFO 1.4754972904323687, 0.9, -0.03721274679260614, -0.007463781623432553
08:38:01,758 gausspyplus.utils.output INFO iter 10: F1=93.3%, alpha=[1.48, 7.54], p=[-0.01, -0.03]
08:38:01,758 gausspyplus.utils.output INFO  (Convergence testing begins in 10 iterations)
08:38:04,532 gausspyplus.utils.output INFO 
08:38:04,532 gausspyplus.utils.output INFO 1.5015249809222815, 0.9, -0.016476952898077463, 0.020822152391930263
08:38:04,533 gausspyplus.utils.output INFO iter 11: F1=93.4%, alpha=[1.5, 7.52], p=[0.02, -0.02]
08:38:04,533 gausspyplus.utils.output INFO  (Convergence testing begins in 9 iterations)
08:38:07,371 gausspyplus.utils.output INFO 
08:38:07,371 gausspyplus.utils.output INFO 1.5371763909224816, 0.9, 0.00806342696129625, 0.02852112800016009
08:38:07,371 gausspyplus.utils.output INFO iter 12: F1=93.4%, alpha=[1.54, 7.5], p=[0.03, -0.02]
08:38:07,371 gausspyplus.utils.output INFO  (Convergence testing begins in 8 iterations)
08:38:10,273 gausspyplus.utils.output INFO 
08:38:10,274 gausspyplus.utils.output INFO 1.558440434657475, 0.9, 0.014738886153234432, 0.017011234987994683
08:38:10,274 gausspyplus.utils.output INFO iter 13: F1=93.6%, alpha=[1.56, 7.48], p=[0.02, -0.01]
08:38:10,274 gausspyplus.utils.output INFO  (Convergence testing begins in 7 iterations)
08:38:13,68 gausspyplus.utils.output INFO 
08:38:13,68 gausspyplus.utils.output INFO 1.5621866721075588, 0.9, 0.014738886153234432, 0.002996989960067076
08:38:13,68 gausspyplus.utils.output INFO iter 14: F1=93.7%, alpha=[1.56, 7.47], p=[0.00, -0.01]
08:38:13,68 gausspyplus.utils.output INFO  (Convergence testing begins in 6 iterations)
08:38:15,852 gausspyplus.utils.output INFO 
08:38:15,852 gausspyplus.utils.output INFO 1.551918664529715, 0.9, 0.014738886153234432, -0.008214406062275081
08:38:15,854 gausspyplus.utils.output INFO iter 15: F1=93.8%, alpha=[1.55, 7.46], p=[-0.01, -0.01]
08:38:15,854 gausspyplus.utils.output INFO  (Convergence testing begins in 5 iterations)
08:38:18,635 gausspyplus.utils.output INFO 
08:38:18,636 gausspyplus.utils.output INFO 1.530439260929529, 0.9, -0.0052675484413119145, -0.017183522880148773
08:38:18,636 gausspyplus.utils.output INFO iter 16: F1=93.7%, alpha=[1.53, 7.45], p=[-0.02, -0.01]
08:38:18,636 gausspyplus.utils.output INFO  (Convergence testing begins in 4 iterations)
08:38:21,394 gausspyplus.utils.output INFO 
08:38:21,394 gausspyplus.utils.output INFO 1.5179965316465611, 0.9, 0.0014498007158971482, -0.009954183426374287
08:38:21,395 gausspyplus.utils.output INFO iter 17: F1=93.8%, alpha=[1.52, 7.44], p=[-0.01, -0.01]
08:38:21,395 gausspyplus.utils.output INFO  (Convergence testing begins in 3 iterations)
08:38:24,174 gausspyplus.utils.output INFO 
08:38:24,175 gausspyplus.utils.output INFO 1.5067375275758794, 0.9, -0.005809735385260362, -0.00900720325654536
08:38:24,175 gausspyplus.utils.output INFO iter 18: F1=93.7%, alpha=[1.51, 7.44], p=[-0.01, -0.00]
08:38:24,175 gausspyplus.utils.output INFO  (Convergence testing begins in 2 iterations)
08:38:27,336 gausspyplus.utils.output INFO 
08:38:27,336 gausspyplus.utils.output INFO 1.5029590861660684, 0.9, -0.005809735385260362, -0.0030227531278487875
08:38:27,337 gausspyplus.utils.output INFO iter 19: F1=93.7%, alpha=[1.5, 7.43], p=[-0.00, -0.00]
08:38:27,337 gausspyplus.utils.output INFO  (Convergence testing begins in 1 iterations)
08:38:30,651 gausspyplus.utils.output INFO 
08:38:30,652 gausspyplus.utils.output INFO 1.505165094884954, 0.9, -0.0058892284352224655, 0.001764806975108435
08:38:30,652 gausspyplus.utils.output INFO iter 20: F1=93.6%, alpha=[1.51, 7.43], p=[0.00, -0.00]
08:38:30,652 gausspyplus.utils.output INFO  (Convergence testing begins in 0 iterations)
08:38:34,210 gausspyplus.utils.output INFO 
08:38:34,210 gausspyplus.utils.output INFO 1.5122302074517626, 0.9, 0.0013967541217795587, 0.005652090053446912
08:38:34,210 gausspyplus.utils.output INFO iter 21: F1=93.7%, alpha=[1.51, 7.43], p=[0.01, -0.00]
08:38:34,211 gausspyplus.utils.output INFO   (0.05,0.21 < 0.03 for 0 iters [10 required])
08:38:37,531 gausspyplus.utils.output INFO 
08:38:37,531 gausspyplus.utils.output INFO 1.516625218795608, 0.9, 0.0013967541217795587, 0.0035160090750762764
08:38:37,531 gausspyplus.utils.output INFO iter 22: F1=93.7%, alpha=[1.52, 7.43], p=[0.00, -0.00]
08:38:37,532 gausspyplus.utils.output INFO   (0.05,0.20 < 0.03 for 0 iters [10 required])
08:38:41,266 gausspyplus.utils.output INFO 
08:38:41,266 gausspyplus.utils.output INFO 1.5188841491610827, 0.9, 0.0013967541217795587, 0.0018071442923798032
08:38:41,266 gausspyplus.utils.output INFO iter 23: F1=93.7%, alpha=[1.52, 7.43], p=[0.00, -0.00]
08:38:41,267 gausspyplus.utils.output INFO   (0.05,0.18 < 0.03 for 0 iters [10 required])
08:38:44,311 gausspyplus.utils.output INFO 
08:38:44,311 gausspyplus.utils.output INFO 1.5194342147438609, 0.9, 0.0013967541217795587, 0.0004400524662225181
08:38:44,311 gausspyplus.utils.output INFO iter 24: F1=93.7%, alpha=[1.52, 7.43], p=[0.00, -0.00]
08:38:44,312 gausspyplus.utils.output INFO   (0.05,0.15 < 0.03 for 0 iters [10 required])
08:38:47,146 gausspyplus.utils.output INFO 
08:38:47,146 gausspyplus.utils.output INFO 1.5186171885004818, 0.9, 0.0013967541217795587, -0.0006536209947032745
08:38:47,146 gausspyplus.utils.output INFO iter 25: F1=93.7%, alpha=[1.52, 7.43], p=[-0.00, 0.00]
08:38:47,147 gausspyplus.utils.output INFO   (0.04,0.13 < 0.03 for 0 iters [10 required])
08:38:50,243 gausspyplus.utils.output INFO 
08:38:50,243 gausspyplus.utils.output INFO 1.516706488796177, 0.9, 0.0013967541217795587, -0.0015285597634438375
08:38:50,243 gausspyplus.utils.output INFO iter 26: F1=93.7%, alpha=[1.52, 7.43], p=[-0.00, 0.00]
08:38:50,244 gausspyplus.utils.output INFO   (0.03,0.11 < 0.03 for 0 iters [10 required])
08:38:53,394 gausspyplus.utils.output INFO 
08:38:53,394 gausspyplus.utils.output INFO 1.5139208503231316, 0.9, 0.0013967541217795587, -0.002228510778436288
08:38:53,395 gausspyplus.utils.output INFO iter 27: F1=93.7%, alpha=[1.51, 7.43], p=[-0.00, 0.00]
08:38:53,395 gausspyplus.utils.output INFO   (0.02,0.09 < 0.03 for 0 iters [10 required])
08:38:57,361 gausspyplus.utils.output INFO 
08:38:57,362 gausspyplus.utils.output INFO 1.5104352608350937, 0.9, -0.0058892284352224655, -0.0027884715904303195
08:38:57,362 gausspyplus.utils.output INFO iter 28: F1=93.6%, alpha=[1.51, 7.43], p=[-0.00, 0.00]
08:38:57,363 gausspyplus.utils.output INFO   (0.01,0.08 < 0.03 for 0 iters [10 required])
08:39:00,795 gausspyplus.utils.output INFO 
08:39:00,795 gausspyplus.utils.output INFO 1.5129470948363637, 0.9, 0.0013967541217795587, 0.00200946720101598
08:39:00,795 gausspyplus.utils.output INFO iter 29: F1=93.7%, alpha=[1.51, 7.43], p=[0.00, 0.00]
08:39:00,796 gausspyplus.utils.output INFO   (0.01,0.06 < 0.03 for 0 iters [10 required])
08:39:03,854 gausspyplus.utils.output INFO 
08:39:03,854 gausspyplus.utils.output INFO 1.5136994833277782, 0.9, 0.0013967541217795587, 0.000601910793131566
08:39:03,854 gausspyplus.utils.output INFO iter 30: F1=93.7%, alpha=[1.51, 7.43], p=[0.00, 0.00]
08:39:03,855 gausspyplus.utils.output INFO   (0.01,0.05 < 0.03 for 0 iters [10 required])
08:39:06,887 gausspyplus.utils.output INFO 
08:39:06,887 gausspyplus.utils.output INFO 1.5130443154113082, 0.9, 0.0014498007158971482, -0.0005241343331759297
08:39:06,887 gausspyplus.utils.output INFO iter 31: F1=93.8%, alpha=[1.51, 7.43], p=[-0.00, 0.00]
08:39:06,888 gausspyplus.utils.output INFO   (0.01,0.03 < 0.03 for 0 iters [10 required])
08:39:10,183 gausspyplus.utils.output INFO 
08:39:10,183 gausspyplus.utils.output INFO 1.511215360433825, 0.9, -0.005809735385260362, -0.001463163981986604
08:39:10,183 gausspyplus.utils.output INFO iter 32: F1=93.7%, alpha=[1.51, 7.43], p=[-0.00, 0.00]
08:39:10,184 gausspyplus.utils.output INFO   (0.01,0.02 < 0.03 for 1 iters [10 required])
08:39:13,64 gausspyplus.utils.output INFO 
08:39:13,65 gausspyplus.utils.output INFO 1.5149809582985727, 0.9, 0.0014498007158971482, 0.003012478291798182
08:39:13,65 gausspyplus.utils.output INFO iter 33: F1=93.8%, alpha=[1.51, 7.44], p=[0.00, 0.00]
08:39:13,65 gausspyplus.utils.output INFO   (0.01,0.02 < 0.03 for 2 iters [10 required])
08:39:15,918 gausspyplus.utils.output INFO 
08:39:15,918 gausspyplus.utils.output INFO 1.5166886159460635, 0.9, 0.0014498007158971482, 0.00136612611799265
08:39:15,920 gausspyplus.utils.output INFO iter 34: F1=93.8%, alpha=[1.52, 7.44], p=[0.00, 0.00]
08:39:15,921 gausspyplus.utils.output INFO   (0.01,0.01 < 0.03 for 3 iters [10 required])
08:39:18,708 gausspyplus.utils.output INFO 
08:39:18,709 gausspyplus.utils.output INFO 1.5167499214197488, 0.9, 0.0014498007158971482, 4.904437894825975e-05
08:39:18,709 gausspyplus.utils.output INFO iter 35: F1=93.8%, alpha=[1.52, 7.44], p=[0.00, 0.00]
08:39:18,709 gausspyplus.utils.output INFO   (0.00,0.00 < 0.03 for 4 iters [10 required])
08:39:21,545 gausspyplus.utils.output INFO 
08:39:21,546 gausspyplus.utils.output INFO 1.5154941451543897, 0.9, 0.0014498007158971482, -0.001004621012287288
08:39:21,546 gausspyplus.utils.output INFO iter 36: F1=93.8%, alpha=[1.52, 7.44], p=[-0.00, 0.00]
08:39:21,547 gausspyplus.utils.output INFO   (0.00,0.00 < 0.03 for 5 iters [10 required])
08:39:24,358 gausspyplus.utils.output INFO 
08:39:24,358 gausspyplus.utils.output INFO 1.513184703497795, 0.9, 0.0014498007158971482, -0.001847553325275797
08:39:24,359 gausspyplus.utils.output INFO iter 37: F1=93.8%, alpha=[1.51, 7.44], p=[-0.00, 0.00]
08:39:24,359 gausspyplus.utils.output INFO   (0.00,0.00 < 0.03 for 6 iters [10 required])
08:39:27,460 gausspyplus.utils.output INFO 
08:39:27,460 gausspyplus.utils.output INFO 1.5100323295282119, 0.9, -0.005809735385260362, -0.002521899175666498
08:39:27,462 gausspyplus.utils.output INFO iter 38: F1=93.7%, alpha=[1.51, 7.44], p=[-0.00, 0.00]
08:39:27,462 gausspyplus.utils.output INFO   (0.00,0.01 < 0.03 for 7 iters [10 required])
08:39:30,471 gausspyplus.utils.output INFO 
08:39:30,471 gausspyplus.utils.output INFO 1.5127391921992797, 0.9, 0.0014498007158971482, 0.0021654901368542315
08:39:30,471 gausspyplus.utils.output INFO iter 39: F1=93.8%, alpha=[1.51, 7.45], p=[0.00, 0.00]
08:39:30,472 gausspyplus.utils.output INFO   (0.00,0.01 < 0.03 for 8 iters [10 required])
08:39:33,355 gausspyplus.utils.output INFO 
08:39:33,355 gausspyplus.utils.output INFO 1.5135998616918265, 0.9, 0.0014498007158971482, 0.0006885355940374539
08:39:33,355 gausspyplus.utils.output INFO iter 40: F1=93.8%, alpha=[1.51, 7.45], p=[0.00, 0.00]
08:39:33,356 gausspyplus.utils.output INFO   (0.00,0.01 < 0.03 for 9 iters [10 required])
08:39:36,176 gausspyplus.utils.output INFO 
08:39:36,177 gausspyplus.utils.output INFO 1.5129835766415565, 0.9, 0.0014498007158971482, -0.0004930280402160037
08:39:36,177 gausspyplus.utils.output INFO iter 41: F1=93.8%, alpha=[1.51, 7.45], p=[-0.00, 0.00]
08:39:36,178 gausspyplus.utils.output INFO   (0.00,0.01 < 0.03 for 10 iters [10 required])
08:39:39,25 gausspyplus.utils.output INFO 
08:39:39,25 gausspyplus.utils.output INFO 1.511185727957033, 0.9, -0.005809735385260362, -0.0014382789476186987
08:39:39,25 gausspyplus.utils.output INFO iter 42: F1=93.7%, alpha=[1.51, 7.45], p=[-0.00, 0.00]
08:39:39,26 gausspyplus.utils.output INFO   (0.00,0.01 < 0.03 for 11 iters [10 required])
08:39:39,26 gausspyplus.utils.output INFO Stable convergence achieved at iteration: 42
