20:52:56,678 gausspyplus.utils.output INFO 
calculating average rms from data...
20:52:56,776 gausspyplus.utils.output INFO >> calculated rms value of 0.013 from data
20:52:56,776 gausspyplus.utils.output INFO 
===================
GaussPy preparation
===================
20:52:56,777 gausspyplus.utils.output INFO 
preparing GaussPy cube...
20:53:00,843 gausspyplus.utils.output INFO 
pickle dump dictionary...
20:53:00,903 gausspyplus.utils.output INFO 
[92mSAVED FILE:[0m 'spectra_hydra_4k_g1_noise_map.fits' in '/home/brandm/Documents/Astro_research/gausspyplus/ATCA/decomposition_hydra4k/gpy_maps'
20:53:01,522 matplotlib.font_manager DEBUG findfont: Matching sans\-serif:style=normal:variant=normal:weight=normal:stretch=normal:size=11.0.
20:53:01,523 matplotlib.font_manager DEBUG findfont: score(<Font 'STIXGeneral' (STIXGeneralItalic.ttf) italic normal 400 normal>) = 11.05
20:53:01,523 matplotlib.font_manager DEBUG findfont: score(<Font 'DejaVu Sans' (DejaVuSans.ttf) normal normal 400 normal>) = 0.05
20:53:01,523 matplotlib.font_manager DEBUG findfont: score(<Font 'STIXNonUnicode' (STIXNonUniBolIta.ttf) italic normal 700 normal>) = 11.335
20:53:01,523 matplotlib.font_manager DEBUG findfont: score(<Font 'DejaVu Sans Mono' (DejaVuSansMono-BoldOblique.ttf) oblique normal 700 normal>) = 11.335
20:53:01,523 matplotlib.font_manager DEBUG findfont: score(<Font 'STIXGeneral' (STIXGeneralBol.ttf) normal normal 700 normal>) = 10.335
20:53:01,523 matplotlib.font_manager DEBUG findfont: score(<Font 'DejaVu Serif' (DejaVuSerif-Italic.ttf) italic normal 400 normal>) = 11.05
20:53:01,523 matplotlib.font_manager DEBUG findfont: score(<Font 'DejaVu Serif' (DejaVuSerif-BoldItalic.ttf) italic normal 700 normal>) = 11.335
20:53:01,523 matplotlib.font_manager DEBUG findfont: score(<Font 'cmr10' (cmr10.ttf) normal normal 400 normal>) = 10.05
20:53:01,523 matplotlib.font_manager DEBUG findfont: score(<Font 'cmtt10' (cmtt10.ttf) normal normal 400 normal>) = 10.05
20:53:01,523 matplotlib.font_manager DEBUG findfont: score(<Font 'cmmi10' (cmmi10.ttf) normal normal 400 normal>) = 10.05
20:53:01,523 matplotlib.font_manager DEBUG findfont: score(<Font 'DejaVu Sans Mono' (DejaVuSansMono-Bold.ttf) normal normal 700 normal>) = 10.335
20:53:01,523 matplotlib.font_manager DEBUG findfont: score(<Font 'STIXNonUnicode' (STIXNonUniIta.ttf) italic normal 400 normal>) = 11.05
20:53:01,523 matplotlib.font_manager DEBUG findfont: score(<Font 'cmex10' (cmex10.ttf) normal normal 400 normal>) = 10.05
20:53:01,523 matplotlib.font_manager DEBUG findfont: score(<Font 'DejaVu Sans Mono' (DejaVuSansMono-Oblique.ttf) oblique normal 400 normal>) = 11.05
20:53:01,523 matplotlib.font_manager DEBUG findfont: score(<Font 'STIXSizeTwoSym' (STIXSizTwoSymReg.ttf) normal normal 400 normal>) = 10.05
20:53:01,523 matplotlib.font_manager DEBUG findfont: score(<Font 'STIXNonUnicode' (STIXNonUni.ttf) normal normal 400 normal>) = 10.05
20:53:01,523 matplotlib.font_manager DEBUG findfont: score(<Font 'DejaVu Sans Mono' (DejaVuSansMono.ttf) normal normal 400 normal>) = 10.05
20:53:01,523 matplotlib.font_manager DEBUG findfont: score(<Font 'cmb10' (cmb10.ttf) normal normal 400 normal>) = 10.05
20:53:01,523 matplotlib.font_manager DEBUG findfont: score(<Font 'STIXGeneral' (STIXGeneralBolIta.ttf) italic normal 700 normal>) = 11.335
20:53:01,524 matplotlib.font_manager DEBUG findfont: score(<Font 'STIXSizeThreeSym' (STIXSizThreeSymBol.ttf) normal normal 700 normal>) = 10.335
20:53:01,524 matplotlib.font_manager DEBUG findfont: score(<Font 'STIXSizeThreeSym' (STIXSizThreeSymReg.ttf) normal normal 400 normal>) = 10.05
20:53:01,524 matplotlib.font_manager DEBUG findfont: score(<Font 'DejaVu Serif Display' (DejaVuSerifDisplay.ttf) normal normal 400 normal>) = 10.05
20:53:01,524 matplotlib.font_manager DEBUG findfont: score(<Font 'STIXNonUnicode' (STIXNonUniBol.ttf) normal normal 700 normal>) = 10.335
20:53:01,524 matplotlib.font_manager DEBUG findfont: score(<Font 'STIXSizeFourSym' (STIXSizFourSymBol.ttf) normal normal 700 normal>) = 10.335
20:53:01,524 matplotlib.font_manager DEBUG findfont: score(<Font 'DejaVu Sans Display' (DejaVuSansDisplay.ttf) normal normal 400 normal>) = 10.05
20:53:01,524 matplotlib.font_manager DEBUG findfont: score(<Font 'STIXSizeOneSym' (STIXSizOneSymReg.ttf) normal normal 400 normal>) = 10.05
20:53:01,524 matplotlib.font_manager DEBUG findfont: score(<Font 'STIXSizeFiveSym' (STIXSizFiveSymReg.ttf) normal normal 400 normal>) = 10.05
20:53:01,524 matplotlib.font_manager DEBUG findfont: score(<Font 'DejaVu Serif' (DejaVuSerif-Bold.ttf) normal normal 700 normal>) = 10.335
20:53:01,524 matplotlib.font_manager DEBUG findfont: score(<Font 'STIXSizeTwoSym' (STIXSizTwoSymBol.ttf) normal normal 700 normal>) = 10.335
20:53:01,524 matplotlib.font_manager DEBUG findfont: score(<Font 'STIXSizeOneSym' (STIXSizOneSymBol.ttf) normal normal 700 normal>) = 10.335
20:53:01,524 matplotlib.font_manager DEBUG findfont: score(<Font 'DejaVu Sans' (DejaVuSans-BoldOblique.ttf) oblique normal 700 normal>) = 1.335
20:53:01,524 matplotlib.font_manager DEBUG findfont: score(<Font 'STIXSizeFourSym' (STIXSizFourSymReg.ttf) normal normal 400 normal>) = 10.05
20:53:01,524 matplotlib.font_manager DEBUG findfont: score(<Font 'cmsy10' (cmsy10.ttf) normal normal 400 normal>) = 10.05
20:53:01,524 matplotlib.font_manager DEBUG findfont: score(<Font 'DejaVu Sans' (DejaVuSans-Oblique.ttf) oblique normal 400 normal>) = 1.05
20:53:01,524 matplotlib.font_manager DEBUG findfont: score(<Font 'DejaVu Serif' (DejaVuSerif.ttf) normal normal 400 normal>) = 10.05
20:53:01,524 matplotlib.font_manager DEBUG findfont: score(<Font 'STIXGeneral' (STIXGeneral.ttf) normal normal 400 normal>) = 10.05
20:53:01,524 matplotlib.font_manager DEBUG findfont: score(<Font 'DejaVu Sans' (DejaVuSans-Bold.ttf) normal normal 700 normal>) = 0.33499999999999996
20:53:01,524 matplotlib.font_manager DEBUG findfont: score(<Font 'cmss10' (cmss10.ttf) normal normal 400 normal>) = 10.05
20:53:01,524 matplotlib.font_manager DEBUG findfont: score(<Font 'Ubuntu Mono' (UbuntuMono-BI.ttf) italic normal 700 normal>) = 11.335
20:53:01,524 matplotlib.font_manager DEBUG findfont: score(<Font 'DejaVu Sans Mono' (DejaVuSansMono-Bold.ttf) normal normal 700 normal>) = 10.335
20:53:01,525 matplotlib.font_manager DEBUG findfont: score(<Font 'cmsy10' (cmsy10.ttf) normal normal 400 normal>) = 10.05
20:53:01,525 matplotlib.font_manager DEBUG findfont: score(<Font 'wasy10' (wasy10.ttf) normal normal 400 normal>) = 10.05
20:53:01,525 matplotlib.font_manager DEBUG findfont: score(<Font 'Ubuntu' (Ubuntu-M.ttf) normal normal 500 normal>) = 10.145
20:53:01,525 matplotlib.font_manager DEBUG findfont: score(<Font 'msbm10' (msbm10.ttf) normal normal 400 normal>) = 10.05
20:53:01,525 matplotlib.font_manager DEBUG findfont: score(<Font 'Ubuntu' (Ubuntu-MI.ttf) italic normal 500 normal>) = 11.145
20:53:01,525 matplotlib.font_manager DEBUG findfont: score(<Font 'Ubuntu Mono' (UbuntuMono-R.ttf) normal normal 400 normal>) = 10.05
20:53:01,525 matplotlib.font_manager DEBUG findfont: score(<Font 'Ubuntu Condensed' (Ubuntu-C.ttf) normal normal 400 condensed>) = 10.25
20:53:01,525 matplotlib.font_manager DEBUG findfont: score(<Font 'DejaVu Sans' (DejaVuSans-Bold.ttf) normal normal 700 normal>) = 0.33499999999999996
20:53:01,525 matplotlib.font_manager DEBUG findfont: score(<Font 'DejaVu Serif' (DejaVuSerif.ttf) normal normal 400 normal>) = 10.05
20:53:01,525 matplotlib.font_manager DEBUG findfont: score(<Font 'cmmi10' (cmmi10.ttf) normal normal 400 normal>) = 10.05
20:53:01,525 matplotlib.font_manager DEBUG findfont: score(<Font 'dsrom10' (dsrom10.ttf) normal normal 400 normal>) = 10.05
20:53:01,525 matplotlib.font_manager DEBUG findfont: score(<Font 'cmex10' (cmex10.ttf) normal normal 400 normal>) = 10.05
20:53:01,525 matplotlib.font_manager DEBUG findfont: score(<Font 'Ubuntu Mono' (UbuntuMono-B.ttf) normal normal 700 normal>) = 10.335
20:53:01,525 matplotlib.font_manager DEBUG findfont: score(<Font 'msam10' (msam10.ttf) normal normal 400 normal>) = 10.05
20:53:01,525 matplotlib.font_manager DEBUG findfont: score(<Font 'Ubuntu' (Ubuntu-L.ttf) normal normal 300 normal>) = 10.145
20:53:01,525 matplotlib.font_manager DEBUG findfont: score(<Font 'DejaVu Sans' (DejaVuSans.ttf) normal normal 400 normal>) = 0.05
20:53:01,525 matplotlib.font_manager DEBUG findfont: score(<Font 'Ubuntu' (Ubuntu-LI.ttf) italic normal 300 normal>) = 11.145
20:53:01,525 matplotlib.font_manager DEBUG findfont: score(<Font 'FontAwesome' (FontAwesome.otf) normal normal 400 normal>) = 10.05
20:53:01,525 matplotlib.font_manager DEBUG findfont: score(<Font 'cmr10' (cmr10.ttf) normal normal 400 normal>) = 10.05
20:53:01,525 matplotlib.font_manager DEBUG findfont: score(<Font 'DejaVu Serif' (DejaVuSerif-Bold.ttf) normal normal 700 normal>) = 10.335
20:53:01,525 matplotlib.font_manager DEBUG findfont: score(<Font 'esint10' (esint10.ttf) normal normal 400 normal>) = 10.05
20:53:01,525 matplotlib.font_manager DEBUG findfont: score(<Font 'eufm10' (eufm10.ttf) normal normal 400 normal>) = 10.05
20:53:01,526 matplotlib.font_manager DEBUG findfont: score(<Font 'Ubuntu Mono' (UbuntuMono-RI.ttf) italic normal 400 normal>) = 11.05
20:53:01,526 matplotlib.font_manager DEBUG findfont: score(<Font 'Ubuntu' (Ubuntu-BI.ttf) italic normal 700 normal>) = 11.335
20:53:01,526 matplotlib.font_manager DEBUG findfont: score(<Font 'Ubuntu' (Ubuntu-Th.ttf) normal normal 250 normal>) = 10.1925
20:53:01,526 matplotlib.font_manager DEBUG findfont: score(<Font 'Ubuntu' (Ubuntu-RI.ttf) italic normal 400 normal>) = 11.05
20:53:01,526 matplotlib.font_manager DEBUG findfont: score(<Font 'DejaVu Sans Mono' (DejaVuSansMono.ttf) normal normal 400 normal>) = 10.05
20:53:01,526 matplotlib.font_manager DEBUG findfont: score(<Font 'rsfs10' (rsfs10.ttf) italic normal 400 normal>) = 11.05
20:53:01,526 matplotlib.font_manager DEBUG findfont: score(<Font 'stmary10' (stmary10.ttf) normal normal 400 normal>) = 10.05
20:53:01,526 matplotlib.font_manager DEBUG findfont: score(<Font 'Ubuntu' (Ubuntu-R.ttf) normal normal 400 normal>) = 10.05
20:53:01,526 matplotlib.font_manager DEBUG findfont: score(<Font 'Ubuntu' (Ubuntu-B.ttf) normal normal 700 normal>) = 10.335
20:53:01,526 matplotlib.font_manager DEBUG findfont: score(<Font 'FontAwesome' (fontawesome-webfont.ttf) normal normal 400 normal>) = 10.05
20:53:01,526 matplotlib.font_manager DEBUG findfont: score(<Font 'GLYPHICONS Halflings' (glyphicons-halflings-regular.ttf) normal normal 400 normal>) = 10.05
20:53:01,526 matplotlib.font_manager DEBUG findfont: Matching sans\-serif:style=normal:variant=normal:weight=normal:stretch=normal:size=11.0 to DejaVu Sans ('/home/brandm/anaconda3/envs/py38/lib/python3.8/site-packages/matplotlib/mpl-data/fonts/ttf/DejaVuSans.ttf') with score of 0.050000.
20:53:01,611 matplotlib.font_manager DEBUG findfont: Matching sans\-serif:style=normal:variant=normal:weight=normal:stretch=normal:size=13.0.
20:53:01,612 matplotlib.font_manager DEBUG findfont: score(<Font 'STIXGeneral' (STIXGeneralItalic.ttf) italic normal 400 normal>) = 11.05
20:53:01,612 matplotlib.font_manager DEBUG findfont: score(<Font 'DejaVu Sans' (DejaVuSans.ttf) normal normal 400 normal>) = 0.05
20:53:01,612 matplotlib.font_manager DEBUG findfont: score(<Font 'STIXNonUnicode' (STIXNonUniBolIta.ttf) italic normal 700 normal>) = 11.335
20:53:01,612 matplotlib.font_manager DEBUG findfont: score(<Font 'DejaVu Sans Mono' (DejaVuSansMono-BoldOblique.ttf) oblique normal 700 normal>) = 11.335
20:53:01,613 matplotlib.font_manager DEBUG findfont: score(<Font 'STIXGeneral' (STIXGeneralBol.ttf) normal normal 700 normal>) = 10.335
20:53:01,613 matplotlib.font_manager DEBUG findfont: score(<Font 'DejaVu Serif' (DejaVuSerif-Italic.ttf) italic normal 400 normal>) = 11.05
20:53:01,613 matplotlib.font_manager DEBUG findfont: score(<Font 'DejaVu Serif' (DejaVuSerif-BoldItalic.ttf) italic normal 700 normal>) = 11.335
20:53:01,613 matplotlib.font_manager DEBUG findfont: score(<Font 'cmr10' (cmr10.ttf) normal normal 400 normal>) = 10.05
20:53:01,613 matplotlib.font_manager DEBUG findfont: score(<Font 'cmtt10' (cmtt10.ttf) normal normal 400 normal>) = 10.05
20:53:01,614 matplotlib.font_manager DEBUG findfont: score(<Font 'cmmi10' (cmmi10.ttf) normal normal 400 normal>) = 10.05
20:53:01,614 matplotlib.font_manager DEBUG findfont: score(<Font 'DejaVu Sans Mono' (DejaVuSansMono-Bold.ttf) normal normal 700 normal>) = 10.335
20:53:01,614 matplotlib.font_manager DEBUG findfont: score(<Font 'STIXNonUnicode' (STIXNonUniIta.ttf) italic normal 400 normal>) = 11.05
20:53:01,614 matplotlib.font_manager DEBUG findfont: score(<Font 'cmex10' (cmex10.ttf) normal normal 400 normal>) = 10.05
20:53:01,614 matplotlib.font_manager DEBUG findfont: score(<Font 'DejaVu Sans Mono' (DejaVuSansMono-Oblique.ttf) oblique normal 400 normal>) = 11.05
20:53:01,614 matplotlib.font_manager DEBUG findfont: score(<Font 'STIXSizeTwoSym' (STIXSizTwoSymReg.ttf) normal normal 400 normal>) = 10.05
20:53:01,615 matplotlib.font_manager DEBUG findfont: score(<Font 'STIXNonUnicode' (STIXNonUni.ttf) normal normal 400 normal>) = 10.05
20:53:01,615 matplotlib.font_manager DEBUG findfont: score(<Font 'DejaVu Sans Mono' (DejaVuSansMono.ttf) normal normal 400 normal>) = 10.05
20:53:01,615 matplotlib.font_manager DEBUG findfont: score(<Font 'cmb10' (cmb10.ttf) normal normal 400 normal>) = 10.05
20:53:01,615 matplotlib.font_manager DEBUG findfont: score(<Font 'STIXGeneral' (STIXGeneralBolIta.ttf) italic normal 700 normal>) = 11.335
20:53:01,615 matplotlib.font_manager DEBUG findfont: score(<Font 'STIXSizeThreeSym' (STIXSizThreeSymBol.ttf) normal normal 700 normal>) = 10.335
20:53:01,615 matplotlib.font_manager DEBUG findfont: score(<Font 'STIXSizeThreeSym' (STIXSizThreeSymReg.ttf) normal normal 400 normal>) = 10.05
20:53:01,615 matplotlib.font_manager DEBUG findfont: score(<Font 'DejaVu Serif Display' (DejaVuSerifDisplay.ttf) normal normal 400 normal>) = 10.05
20:53:01,615 matplotlib.font_manager DEBUG findfont: score(<Font 'STIXNonUnicode' (STIXNonUniBol.ttf) normal normal 700 normal>) = 10.335
20:53:01,616 matplotlib.font_manager DEBUG findfont: score(<Font 'STIXSizeFourSym' (STIXSizFourSymBol.ttf) normal normal 700 normal>) = 10.335
20:53:01,616 matplotlib.font_manager DEBUG findfont: score(<Font 'DejaVu Sans Display' (DejaVuSansDisplay.ttf) normal normal 400 normal>) = 10.05
20:53:01,616 matplotlib.font_manager DEBUG findfont: score(<Font 'STIXSizeOneSym' (STIXSizOneSymReg.ttf) normal normal 400 normal>) = 10.05
20:53:01,616 matplotlib.font_manager DEBUG findfont: score(<Font 'STIXSizeFiveSym' (STIXSizFiveSymReg.ttf) normal normal 400 normal>) = 10.05
20:53:01,616 matplotlib.font_manager DEBUG findfont: score(<Font 'DejaVu Serif' (DejaVuSerif-Bold.ttf) normal normal 700 normal>) = 10.335
20:53:01,616 matplotlib.font_manager DEBUG findfont: score(<Font 'STIXSizeTwoSym' (STIXSizTwoSymBol.ttf) normal normal 700 normal>) = 10.335
20:53:01,616 matplotlib.font_manager DEBUG findfont: score(<Font 'STIXSizeOneSym' (STIXSizOneSymBol.ttf) normal normal 700 normal>) = 10.335
20:53:01,617 matplotlib.font_manager DEBUG findfont: score(<Font 'DejaVu Sans' (DejaVuSans-BoldOblique.ttf) oblique normal 700 normal>) = 1.335
20:53:01,617 matplotlib.font_manager DEBUG findfont: score(<Font 'STIXSizeFourSym' (STIXSizFourSymReg.ttf) normal normal 400 normal>) = 10.05
20:53:01,617 matplotlib.font_manager DEBUG findfont: score(<Font 'cmsy10' (cmsy10.ttf) normal normal 400 normal>) = 10.05
20:53:01,617 matplotlib.font_manager DEBUG findfont: score(<Font 'DejaVu Sans' (DejaVuSans-Oblique.ttf) oblique normal 400 normal>) = 1.05
20:53:01,617 matplotlib.font_manager DEBUG findfont: score(<Font 'DejaVu Serif' (DejaVuSerif.ttf) normal normal 400 normal>) = 10.05
20:53:01,617 matplotlib.font_manager DEBUG findfont: score(<Font 'STIXGeneral' (STIXGeneral.ttf) normal normal 400 normal>) = 10.05
20:53:01,617 matplotlib.font_manager DEBUG findfont: score(<Font 'DejaVu Sans' (DejaVuSans-Bold.ttf) normal normal 700 normal>) = 0.33499999999999996
20:53:01,618 matplotlib.font_manager DEBUG findfont: score(<Font 'cmss10' (cmss10.ttf) normal normal 400 normal>) = 10.05
20:53:01,618 matplotlib.font_manager DEBUG findfont: score(<Font 'Ubuntu Mono' (UbuntuMono-BI.ttf) italic normal 700 normal>) = 11.335
20:53:01,618 matplotlib.font_manager DEBUG findfont: score(<Font 'DejaVu Sans Mono' (DejaVuSansMono-Bold.ttf) normal normal 700 normal>) = 10.335
20:53:01,618 matplotlib.font_manager DEBUG findfont: score(<Font 'cmsy10' (cmsy10.ttf) normal normal 400 normal>) = 10.05
20:53:01,618 matplotlib.font_manager DEBUG findfont: score(<Font 'wasy10' (wasy10.ttf) normal normal 400 normal>) = 10.05
20:53:01,618 matplotlib.font_manager DEBUG findfont: score(<Font 'Ubuntu' (Ubuntu-M.ttf) normal normal 500 normal>) = 10.145
20:53:01,618 matplotlib.font_manager DEBUG findfont: score(<Font 'msbm10' (msbm10.ttf) normal normal 400 normal>) = 10.05
20:53:01,619 matplotlib.font_manager DEBUG findfont: score(<Font 'Ubuntu' (Ubuntu-MI.ttf) italic normal 500 normal>) = 11.145
20:53:01,619 matplotlib.font_manager DEBUG findfont: score(<Font 'Ubuntu Mono' (UbuntuMono-R.ttf) normal normal 400 normal>) = 10.05
20:53:01,619 matplotlib.font_manager DEBUG findfont: score(<Font 'Ubuntu Condensed' (Ubuntu-C.ttf) normal normal 400 condensed>) = 10.25
20:53:01,619 matplotlib.font_manager DEBUG findfont: score(<Font 'DejaVu Sans' (DejaVuSans-Bold.ttf) normal normal 700 normal>) = 0.33499999999999996
20:53:01,619 matplotlib.font_manager DEBUG findfont: score(<Font 'DejaVu Serif' (DejaVuSerif.ttf) normal normal 400 normal>) = 10.05
20:53:01,619 matplotlib.font_manager DEBUG findfont: score(<Font 'cmmi10' (cmmi10.ttf) normal normal 400 normal>) = 10.05
20:53:01,619 matplotlib.font_manager DEBUG findfont: score(<Font 'dsrom10' (dsrom10.ttf) normal normal 400 normal>) = 10.05
20:53:01,619 matplotlib.font_manager DEBUG findfont: score(<Font 'cmex10' (cmex10.ttf) normal normal 400 normal>) = 10.05
20:53:01,619 matplotlib.font_manager DEBUG findfont: score(<Font 'Ubuntu Mono' (UbuntuMono-B.ttf) normal normal 700 normal>) = 10.335
20:53:01,620 matplotlib.font_manager DEBUG findfont: score(<Font 'msam10' (msam10.ttf) normal normal 400 normal>) = 10.05
20:53:01,620 matplotlib.font_manager DEBUG findfont: score(<Font 'Ubuntu' (Ubuntu-L.ttf) normal normal 300 normal>) = 10.145
20:53:01,620 matplotlib.font_manager DEBUG findfont: score(<Font 'DejaVu Sans' (DejaVuSans.ttf) normal normal 400 normal>) = 0.05
20:53:01,620 matplotlib.font_manager DEBUG findfont: score(<Font 'Ubuntu' (Ubuntu-LI.ttf) italic normal 300 normal>) = 11.145
20:53:01,620 matplotlib.font_manager DEBUG findfont: score(<Font 'FontAwesome' (FontAwesome.otf) normal normal 400 normal>) = 10.05
20:53:01,620 matplotlib.font_manager DEBUG findfont: score(<Font 'cmr10' (cmr10.ttf) normal normal 400 normal>) = 10.05
20:53:01,620 matplotlib.font_manager DEBUG findfont: score(<Font 'DejaVu Serif' (DejaVuSerif-Bold.ttf) normal normal 700 normal>) = 10.335
20:53:01,620 matplotlib.font_manager DEBUG findfont: score(<Font 'esint10' (esint10.ttf) normal normal 400 normal>) = 10.05
20:53:01,620 matplotlib.font_manager DEBUG findfont: score(<Font 'eufm10' (eufm10.ttf) normal normal 400 normal>) = 10.05
20:53:01,620 matplotlib.font_manager DEBUG findfont: score(<Font 'Ubuntu Mono' (UbuntuMono-RI.ttf) italic normal 400 normal>) = 11.05
20:53:01,621 matplotlib.font_manager DEBUG findfont: score(<Font 'Ubuntu' (Ubuntu-BI.ttf) italic normal 700 normal>) = 11.335
20:53:01,621 matplotlib.font_manager DEBUG findfont: score(<Font 'Ubuntu' (Ubuntu-Th.ttf) normal normal 250 normal>) = 10.1925
20:53:01,621 matplotlib.font_manager DEBUG findfont: score(<Font 'Ubuntu' (Ubuntu-RI.ttf) italic normal 400 normal>) = 11.05
20:53:01,621 matplotlib.font_manager DEBUG findfont: score(<Font 'DejaVu Sans Mono' (DejaVuSansMono.ttf) normal normal 400 normal>) = 10.05
20:53:01,621 matplotlib.font_manager DEBUG findfont: score(<Font 'rsfs10' (rsfs10.ttf) italic normal 400 normal>) = 11.05
20:53:01,621 matplotlib.font_manager DEBUG findfont: score(<Font 'stmary10' (stmary10.ttf) normal normal 400 normal>) = 10.05
20:53:01,621 matplotlib.font_manager DEBUG findfont: score(<Font 'Ubuntu' (Ubuntu-R.ttf) normal normal 400 normal>) = 10.05
20:53:01,621 matplotlib.font_manager DEBUG findfont: score(<Font 'Ubuntu' (Ubuntu-B.ttf) normal normal 700 normal>) = 10.335
20:53:01,621 matplotlib.font_manager DEBUG findfont: score(<Font 'FontAwesome' (fontawesome-webfont.ttf) normal normal 400 normal>) = 10.05
20:53:01,621 matplotlib.font_manager DEBUG findfont: score(<Font 'GLYPHICONS Halflings' (glyphicons-halflings-regular.ttf) normal normal 400 normal>) = 10.05
20:53:01,622 matplotlib.font_manager DEBUG findfont: Matching sans\-serif:style=normal:variant=normal:weight=normal:stretch=normal:size=13.0 to DejaVu Sans ('/home/brandm/anaconda3/envs/py38/lib/python3.8/site-packages/matplotlib/mpl-data/fonts/ttf/DejaVuSans.ttf') with score of 0.050000.
20:53:02,656 matplotlib.backends.backend_pdf DEBUG Assigning font /b'F1' = '/home/brandm/anaconda3/envs/py38/lib/python3.8/site-packages/matplotlib/mpl-data/fonts/ttf/DejaVuSans.ttf'
20:53:03,212 matplotlib.backends.backend_pdf DEBUG Embedding font /home/brandm/anaconda3/envs/py38/lib/python3.8/site-packages/matplotlib/mpl-data/fonts/ttf/DejaVuSans.ttf.
20:53:03,212 matplotlib.backends.backend_pdf DEBUG Writing TrueType font.
